Log - Oct-28-2020 | 19:23:37:test
Log - Oct-28-2020 | 19:26:56:Bot Ready!
Log - Oct-28-2020 | 19:27:38:Bot Ready!
Log - Oct-28-2020 | 19:28:39:BCCRP Bot is ready to serve 2134 users in 3 guilds!
Log - Oct-28-2020 | 19:45:34:BCCRP Bot is ready to serve 2133 users in 3 guilds!
Log - Oct-28-2020 | 19:49:35:BCCRP Bot is ready to serve 2130 users in 3 guilds!
Log - Oct-28-2020 | 19:50:42:BCCRP Bot is ready to serve 2130 users in 3 guilds!
Log - Oct-28-2020 | 19:50:49:BCCRP Bot is ready to serve 2130 users in 3 guilds!
Log - Oct-28-2020 | 19:54:38:BCCRP Bot is ready to serve 2125 users in 3 guilds!
Log - Oct-28-2020 | 19:55:2:BCCRP Bot is ready to serve 2125 users in 3 guilds!
Log - Oct-28-2020 | 19:55:12:BCCRP Bot is ready to serve 2125 users in 3 guilds!
Log - Oct-28-2020 | 19:56:54:BCCRP Bot is ready to serve 2127 users in 3 guilds!
Log - Oct-28-2020 | 20:2:52:BCCRP Bot is ready to serve 2126 users in 3 guilds!
Log - Oct-28-2020 | 20:3:15:BCCRP Bot is ready to serve 2127 users in 3 guilds!
Log - Oct-28-2020 | 20:3:35:BCCRP Bot is ready to serve 2127 users in 3 guilds!
Log - Oct-28-2020 | 20:3:43:BCCRP Bot is ready to serve 2127 users in 3 guilds!
Log - Oct-28-2020 | 20:3:56:BCCRP Bot is ready to serve 2127 users in 3 guilds!
Log - Oct-28-2020 | 20:4:12:BCCRP Bot is ready to serve 2127 users in 3 guilds!
Log - Oct-28-2020 | 20:4:17:BCCRP Bot is ready to serve 2127 users in 3 guilds!
Log - Oct-28-2020 | 20:4:50:BCCRP Bot is ready to serve 2126 users in 3 guilds!
Log - Oct-28-2020 | 20:5:16:BCCRP Bot is ready to serve 2126 users in 3 guilds!
Log - Oct-28-2020 | 20:6:5:BCCRP Bot is ready to serve 2125 users in 3 guilds!
Log - Oct-28-2020 | 20:6:29:BCCRP Bot is ready to serve 2124 users in 3 guilds!
Log - Oct-28-2020 | 20:6:53:BCCRP Bot is ready to serve 2125 users in 3 guilds!
Log - Oct-28-2020 | 20:7:0:BCCRP Bot is ready to serve 2125 users in 3 guilds!
Log - Oct-28-2020 | 20:7:22:BCCRP Bot is ready to serve 2126 users in 3 guilds!
Log - Oct-28-2020 | 20:7:35:BCCRP Bot is ready to serve 2126 users in 3 guilds!
Log - Oct-28-2020 | 20:7:46:BCCRP Bot is ready to serve 2126 users in 3 guilds!
Log - Oct-28-2020 | 20:9:23:BCCRP Bot is ready to serve 2129 users in 3 guilds!
Log - Oct-28-2020 | 20:9:39:BCCRP Bot is ready to serve 2128 users in 3 guilds!
Log - Oct-28-2020 | 20:9:56:BCCRP Bot is ready to serve 2128 users in 3 guilds!
Log - Oct-28-2020 | 20:13:31:BCCRP Bot is ready to serve 2125 users in 3 guilds!
Log - Oct-28-2020 | 20:17:47:BCCRP Bot is ready to serve 2128 users in 3 guilds!
Log - Oct-28-2020 | 20:18:25:BCCRP Bot is ready to serve 2128 users in 3 guilds!
Log - Oct-28-2020 | 20:18:32:BCCRP Bot is ready to serve 2128 users in 3 guilds!
Log - Oct-28-2020 | 20:19:21:BCCRP Bot is ready to serve 2128 users in 3 guilds!
Log - Oct-28-2020 | 20:19:21:BCCRP Bot just loaded help.ts
Log - Oct-28-2020 | 20:19:21:BCCRP Bot just loaded ping.ts
Log - Oct-28-2020 | 20:21:22:BCCRP Bot is ready to serve 2126 users in 3 guilds!
Log - Oct-28-2020 | 20:21:22:BCCRP Bot just loaded help.ts
Log - Oct-28-2020 | 20:21:22:BCCRP Bot just loaded ping.ts
Log - Oct-28-2020 | 20:21:27:BCCRP Bot is ready to serve 2127 users in 3 guilds!
Log - Oct-28-2020 | 20:21:28:BCCRP Bot just loaded help.ts
Log - Oct-28-2020 | 20:21:28:BCCRP Bot just loaded ping.ts
Log - Oct-28-2020 | 20:21:36:BCCRP Bot is ready to serve 2127 users in 3 guilds!
Log - Oct-28-2020 | 20:21:36:BCCRP Bot just loaded help.ts
Log - Oct-28-2020 | 20:21:36:BCCRP Bot just loaded ping.ts
Log - Oct-28-2020 | 20:23:49:BCCRP Bot is ready to serve 2129 users in 3 guilds!
Log - Oct-28-2020 | 20:23:49:BCCRP Bot just loaded help.ts
Log - Oct-28-2020 | 20:23:49:BCCRP Bot just loaded ping.ts
Log - Oct-28-2020 | 20:24:1:Ali A#0001 (384187414584754176) just ran ping.js in Blaine County Country RP (702556315699904604)
Log - Oct-28-2020 | 20:24:38:BCCRP Bot is ready to serve 2130 users in 3 guilds!
Log - Oct-28-2020 | 20:24:39:BCCRP Bot just loaded help.ts
Log - Oct-28-2020 | 20:24:39:BCCRP Bot just loaded ping.ts
Log - Oct-28-2020 | 20:25:14:BCCRP Bot is ready to serve 2131 users in 3 guilds!
Log - Oct-28-2020 | 20:25:14:BCCRP Bot just loaded help.ts
Log - Oct-28-2020 | 20:25:14:BCCRP Bot just loaded ping.ts
Log - Oct-28-2020 | 20:25:42:BCCRP Bot is ready to serve 2129 users in 3 guilds!
Log - Oct-28-2020 | 20:25:42:BCCRP Bot just loaded help.ts
Log - Oct-28-2020 | 20:25:42:BCCRP Bot just loaded ping.ts
Log - Oct-28-2020 | 20:25:44:Ali A#0001 (384187414584754176) just ran ping.js in Blaine County Country RP (702556315699904604)
Log - Oct-28-2020 | 20:26:31:BCCRP Bot is ready to serve 2129 users in 3 guilds!
Log - Oct-28-2020 | 20:26:31:BCCRP Bot just loaded help.ts
Log - Oct-28-2020 | 20:26:31:BCCRP Bot just loaded ping.ts
Log - Oct-28-2020 | 20:26:31:Ali A#0001 (384187414584754176) just ran ping.js in Blaine County Country RP (702556315699904604)
Log - Oct-28-2020 | 20:26:37:Ali A#0001 (384187414584754176) just ran ping.js in Blaine County Country RP (702556315699904604)
Log - Oct-28-2020 | 20:27:2:BCCRP Bot is ready to serve 2128 users in 3 guilds!
Log - Oct-28-2020 | 20:27:3:BCCRP Bot just loaded help.ts
Log - Oct-28-2020 | 20:27:3:BCCRP Bot just loaded ping.ts
Log - Oct-28-2020 | 20:27:5:Ali A#0001 (384187414584754176) just ran ping.js in Blaine County Country RP (702556315699904604)
Log - Oct-28-2020 | 20:27:50:Ali A#0001 (384187414584754176) just ran ping.js in Blaine County Country RP (702556315699904604)
Log - Oct-28-2020 | 20:29:8:BCCRP Bot is ready to serve 2131 users in 3 guilds!
Log - Oct-28-2020 | 20:29:8:BCCRP Bot just loaded help.ts
Log - Oct-28-2020 | 20:29:8:BCCRP Bot just loaded ping.ts
Log - Oct-28-2020 | 20:29:10:Ali A#0001 (384187414584754176) just ran ping.js in Blaine County Country RP (702556315699904604)
Log - Oct-28-2020 | 20:29:35:BCCRP Bot is ready to serve 2131 users in 3 guilds!
Log - Oct-28-2020 | 20:29:35:BCCRP Bot just loaded help.ts
Log - Oct-28-2020 | 20:29:35:BCCRP Bot just loaded ping.ts
Log - Oct-28-2020 | 20:29:35:Ali A#0001 (384187414584754176) just ran ping.js in Blaine County Country RP (702556315699904604)
Log - Oct-28-2020 | 20:29:43:BCCRP Bot is ready to serve 2131 users in 3 guilds!
Log - Oct-28-2020 | 20:29:43:BCCRP Bot just loaded help.ts
Log - Oct-28-2020 | 20:29:43:BCCRP Bot just loaded ping.ts
Log - Oct-28-2020 | 20:29:43:Ali A#0001 (384187414584754176) just ran ping.js in Blaine County Country RP (702556315699904604)
Log - Oct-28-2020 | 20:29:56:BCCRP Bot is ready to serve 2131 users in 3 guilds!
Log - Oct-28-2020 | 20:29:56:BCCRP Bot just loaded help.ts
Log - Oct-28-2020 | 20:29:56:BCCRP Bot just loaded ping.ts
Log - Oct-28-2020 | 20:29:56:Ali A#0001 (384187414584754176) just ran ping.js in Blaine County Country RP (702556315699904604)
Log - Oct-28-2020 | 20:30:14:BCCRP Bot is ready to serve 2130 users in 3 guilds!
Log - Oct-28-2020 | 20:30:14:BCCRP Bot just loaded help.ts
Log - Oct-28-2020 | 20:30:14:BCCRP Bot just loaded ping.ts
Log - Oct-28-2020 | 20:30:14:Ali A#0001 (384187414584754176) just ran ping.js in Blaine County Country RP (702556315699904604)
Log - Oct-28-2020 | 20:30:51:BCCRP Bot is ready to serve 2130 users in 3 guilds!
Log - Oct-28-2020 | 20:30:51:BCCRP Bot just loaded help.ts
Log - Oct-28-2020 | 20:30:51:BCCRP Bot just loaded ping.ts
Log - Oct-28-2020 | 20:30:52:Ali A#0001 (384187414584754176) just ran ping.js in Blaine County Country RP (702556315699904604)
Log - Oct-28-2020 | 20:31:42:BCCRP Bot is ready to serve 2128 users in 3 guilds!
Log - Oct-28-2020 | 20:31:42:BCCRP Bot just loaded help.ts
Log - Oct-28-2020 | 20:31:42:BCCRP Bot just loaded ping.ts
Log - Oct-28-2020 | 20:31:44:Ali A#0001 (384187414584754176) just ran ping.js in Blaine County Country RP (702556315699904604)
Log - Oct-28-2020 | 20:32:8:BCCRP Bot is ready to serve 2128 users in 3 guilds!
Log - Oct-28-2020 | 20:32:9:BCCRP Bot just loaded help.ts
Log - Oct-28-2020 | 20:32:9:BCCRP Bot just loaded ping.ts
Log - Oct-28-2020 | 20:32:9:Ali A#0001 (384187414584754176) just ran ping.js in Blaine County Country RP (702556315699904604)
Log - Oct-28-2020 | 20:32:14:Ali A#0001 (384187414584754176) just ran ping.js in Blaine County Country RP (702556315699904604)
Log - Oct-28-2020 | 20:32:48:Ali A#0001 (384187414584754176) just ran ping.js in Blaine County Country RP (702556315699904604)
Log - Oct-28-2020 | 20:33:12:BCCRP Bot is ready to serve 2128 users in 3 guilds!
Log - Oct-28-2020 | 20:33:12:BCCRP Bot just loaded help.ts
Log - Oct-28-2020 | 20:33:12:BCCRP Bot just loaded ping.ts
Log - Oct-28-2020 | 20:33:22:Ali A#0001 (384187414584754176) just ran ping.js in Blaine County Country RP (702556315699904604)
Log - Oct-28-2020 | 20:33:43:BCCRP Bot is ready to serve 2127 users in 3 guilds!
Log - Oct-28-2020 | 20:33:43:BCCRP Bot just loaded help.ts
Log - Oct-28-2020 | 20:33:43:BCCRP Bot just loaded ping.ts
Log - Oct-28-2020 | 20:33:44:Ali A#0001 (384187414584754176) attempted to run ping.js in Blaine County Country RP (702556315699904604) but didn't have the specified permissions.
Log - Oct-28-2020 | 20:34:4:BCCRP Bot is ready to serve 2128 users in 3 guilds!
Log - Oct-28-2020 | 20:34:4:BCCRP Bot just loaded help.ts
Log - Oct-28-2020 | 20:34:4:BCCRP Bot just loaded ping.ts
Log - Oct-28-2020 | 20:34:15:BCCRP Bot is ready to serve 2129 users in 3 guilds!
Log - Oct-28-2020 | 20:34:15:BCCRP Bot just loaded help.ts
Log - Oct-28-2020 | 20:34:15:BCCRP Bot just loaded ping.ts
Log - Oct-28-2020 | 20:34:18:ked#0001 (756958129983324322) attempted to run ping.js in Blaine County Country RP (702556315699904604) but didn't have the specified permissions.
Log - Oct-28-2020 | 20:34:50:BCCRP Bot is ready to serve 2129 users in 3 guilds!
Log - Oct-28-2020 | 20:34:50:BCCRP Bot just loaded help.ts
Log - Oct-28-2020 | 20:34:50:BCCRP Bot just loaded ping.ts
Log - Oct-28-2020 | 20:34:50:Ali A#0001 (384187414584754176) attempted to run ping.js in Blaine County Country RP (702556315699904604) but didn't have the specified permissions.
Log - Oct-28-2020 | 20:35:9:BCCRP Bot is ready to serve 2129 users in 3 guilds!
Log - Oct-28-2020 | 20:35:9:BCCRP Bot just loaded help.ts
Log - Oct-28-2020 | 20:35:9:BCCRP Bot just loaded ping.ts
Log - Oct-28-2020 | 20:35:11:ked#0001 (756958129983324322) attempted to run ping.js in Blaine County Country RP (702556315699904604) but didn't have the specified permissions.
Log - Oct-28-2020 | 20:35:22:BCCRP Bot is ready to serve 2129 users in 3 guilds!
Log - Oct-28-2020 | 20:35:22:BCCRP Bot just loaded help.ts
Log - Oct-28-2020 | 20:35:22:BCCRP Bot just loaded ping.ts
Log - Oct-28-2020 | 20:35:24:Ali A#0001 (384187414584754176) attempted to run ping.js in Blaine County Country RP (702556315699904604) but didn't have the specified permissions.
Log - Oct-28-2020 | 20:35:36:BCCRP Bot is ready to serve 2129 users in 3 guilds!
Log - Oct-28-2020 | 20:35:36:BCCRP Bot just loaded help.ts
Log - Oct-28-2020 | 20:35:36:BCCRP Bot just loaded ping.ts
Log - Oct-28-2020 | 20:35:37:ked#0001 (756958129983324322) attempted to run ping.js in Blaine County Country RP (702556315699904604) but didn't have the specified permissions.
Log - Oct-28-2020 | 20:36:2:BCCRP Bot is ready to serve 2128 users in 3 guilds!
Log - Oct-28-2020 | 20:36:2:BCCRP Bot just loaded help.ts
Log - Oct-28-2020 | 20:36:2:BCCRP Bot just loaded ping.ts
Log - Oct-28-2020 | 20:36:3:ked#0001 (756958129983324322) attempted to run ping.js in Blaine County Country RP (702556315699904604) but didn't have the specified permissions.
Log - Oct-28-2020 | 20:36:16:BCCRP Bot is ready to serve 2129 users in 3 guilds!
Log - Oct-28-2020 | 20:36:16:BCCRP Bot just loaded help.ts
Log - Oct-28-2020 | 20:36:16:BCCRP Bot just loaded ping.ts
Log - Oct-28-2020 | 20:36:17:Ali A#0001 (384187414584754176) just ran ping.js in Blaine County Country RP (702556315699904604)
Log - Oct-28-2020 | 20:37:1:ked#0001 (756958129983324322) just ran ping.js in Blaine County Country RP (702556315699904604)
Log - Oct-28-2020 | 20:37:9:BCCRP Bot is ready to serve 2129 users in 3 guilds!
Log - Oct-28-2020 | 20:37:9:BCCRP Bot just loaded help.ts
Log - Oct-28-2020 | 20:37:19:BCCRP Bot is ready to serve 2128 users in 3 guilds!
Log - Oct-28-2020 | 20:37:20:BCCRP Bot just loaded help.ts
Log - Oct-28-2020 | 20:37:20:BCCRP Bot just loaded ping.ts
Log - Oct-28-2020 | 20:37:21:ked#0001 (756958129983324322) just ran ping.js in Blaine County Country RP (702556315699904604)
Log - Oct-28-2020 | 20:37:26:BCCRP Bot is ready to serve 2128 users in 3 guilds!
Log - Oct-28-2020 | 20:37:26:BCCRP Bot just loaded help.ts
Log - Oct-28-2020 | 20:37:26:BCCRP Bot just loaded ping.ts
Log - Oct-28-2020 | 20:37:27:ked#0001 (756958129983324322) just ran ping.js in Blaine County Country RP (702556315699904604)
Log - Oct-28-2020 | 20:38:25:BCCRP Bot is ready to serve 2125 users in 3 guilds!
Log - Oct-28-2020 | 20:38:25:BCCRP Bot just loaded help.ts
Log - Oct-28-2020 | 20:38:25:BCCRP Bot just loaded ping.ts
Log - Oct-28-2020 | 20:38:27:ked#0001 (756958129983324322) just ran ping.js in Blaine County Country RP (702556315699904604)
Log - Oct-28-2020 | 20:38:54:ked#0001 (756958129983324322) just ran ping.js in Blaine County Country RP (702556315699904604)
Log - Oct-28-2020 | 20:39:3:BCCRP Bot is ready to serve 2125 users in 3 guilds!
Log - Oct-28-2020 | 20:39:3:BCCRP Bot just loaded help.ts
Log - Oct-28-2020 | 20:39:3:BCCRP Bot just loaded ping.ts
Log - Oct-28-2020 | 20:39:7:Ali A#0001 (384187414584754176) just ran ping.js in Blaine County Country RP (702556315699904604)
Log - Oct-28-2020 | 20:39:13:ked#0001 (756958129983324322) just ran ping.js in Blaine County Country RP (702556315699904604)
Log - Oct-28-2020 | 20:39:23:BCCRP Bot is ready to serve 2125 users in 3 guilds!
Log - Oct-28-2020 | 20:39:23:BCCRP Bot just loaded help.ts
Log - Oct-28-2020 | 20:39:23:BCCRP Bot just loaded ping.ts
Log - Oct-28-2020 | 20:39:24:ked#0001 (756958129983324322) just ran ping.js in Blaine County Country RP (702556315699904604)
Log - Oct-28-2020 | 20:39:24:Ali A#0001 (384187414584754176) just ran ping.js in Blaine County Country RP (702556315699904604)
Log - Oct-28-2020 | 20:39:47:BCCRP Bot is ready to serve 2124 users in 3 guilds!
Log - Oct-28-2020 | 20:39:47:BCCRP Bot just loaded help.ts
Log - Oct-28-2020 | 20:39:47:BCCRP Bot just loaded ping.ts
Log - Oct-28-2020 | 20:39:52:Ali A#0001 (384187414584754176) just ran ping.js in Blaine County Country RP (702556315699904604)
Log - Oct-28-2020 | 20:40:29:BCCRP Bot is ready to serve 2125 users in 3 guilds!
Log - Oct-28-2020 | 20:40:29:BCCRP Bot just loaded help.ts
Log - Oct-28-2020 | 20:40:29:BCCRP Bot just loaded ping.ts
Log - Oct-28-2020 | 20:40:36:Ali A#0001 (384187414584754176) just ran ping.js in Blaine County Country RP (702556315699904604)
Log - Oct-28-2020 | 20:40:43:BCCRP Bot is ready to serve 2125 users in 3 guilds!
Log - Oct-28-2020 | 20:40:43:BCCRP Bot just loaded help.ts
Log - Oct-28-2020 | 20:40:43:BCCRP Bot just loaded ping.ts
Log - Oct-28-2020 | 20:40:44:ked#0001 (756958129983324322) just ran ping.js in Blaine County Country RP (702556315699904604)
Log - Oct-28-2020 | 20:42:49:BCCRP Bot is ready to serve 2128 users in 3 guilds!
Log - Oct-28-2020 | 20:42:49:BCCRP Bot just loaded help.ts
Log - Oct-28-2020 | 20:42:49:BCCRP Bot just loaded ping.ts
Log - Oct-28-2020 | 20:42:49:BCCRP Bot just loaded warn.ts
Log - Oct-28-2020 | 20:43:32:BCCRP Bot is ready to serve 2126 users in 3 guilds!
Log - Oct-28-2020 | 20:43:32:BCCRP Bot just loaded help.ts
Log - Oct-28-2020 | 20:43:32:BCCRP Bot just loaded ping.ts
Log - Oct-28-2020 | 20:43:32:BCCRP Bot just loaded warn.ts
Log - Oct-28-2020 | 20:44:15:BCCRP Bot is ready to serve 2127 users in 3 guilds!
Log - Oct-28-2020 | 20:44:15:BCCRP Bot just loaded help.ts
Log - Oct-28-2020 | 20:44:15:BCCRP Bot just loaded ping.ts
Log - Oct-28-2020 | 20:44:15:BCCRP Bot just loaded warn.ts
Log - Oct-28-2020 | 20:44:15:ked#0001 (756958129983324322) just ran ping.js in Blaine County Country RP (702556315699904604)
Log - Oct-28-2020 | 20:46:4:Connected to MongoDB database!
Log - Oct-28-2020 | 20:46:6:BCCRP Bot is ready to serve 2126 users in 3 guilds!
Log - Oct-28-2020 | 20:46:6:BCCRP Bot just loaded help.ts
Log - Oct-28-2020 | 20:46:6:BCCRP Bot just loaded ping.ts
Log - Oct-28-2020 | 20:46:6:BCCRP Bot just loaded warn.ts
Log - Oct-28-2020 | 20:46:31:Connected to MongoDB database!
Log - Oct-28-2020 | 20:46:33:BCCRP Bot is ready to serve 2126 users in 3 guilds!
Log - Oct-28-2020 | 20:46:33:BCCRP Bot just loaded help.ts
Log - Oct-28-2020 | 20:46:33:BCCRP Bot just loaded ping.ts
Log - Oct-28-2020 | 20:46:33:BCCRP Bot just loaded warn.ts
Log - Oct-28-2020 | 20:46:42:Connected to the MongoDB database!
Log - Oct-28-2020 | 20:46:43:BCCRP Bot is ready to serve 2127 users in 3 guilds!
Log - Oct-28-2020 | 20:46:43:BCCRP Bot just loaded help.ts
Log - Oct-28-2020 | 20:46:43:BCCRP Bot just loaded ping.ts
Log - Oct-28-2020 | 20:46:43:BCCRP Bot just loaded warn.ts
Log - Oct-28-2020 | 20:46:52:Connected to the MongoDB database!
Log - Oct-28-2020 | 20:46:54:BCCRP Bot is ready to serve 2127 users in 3 guilds!
Log - Oct-28-2020 | 20:46:54:BCCRP Bot just loaded help.ts
Log - Oct-28-2020 | 20:46:54:BCCRP Bot just loaded ping.ts
Log - Oct-28-2020 | 20:46:54:BCCRP Bot just loaded warn.ts
Log - Oct-28-2020 | 20:49:36:Connected to the MongoDB database!
Log - Oct-28-2020 | 20:49:38:BCCRP Bot is ready to serve 2122 users in 3 guilds!
Log - Oct-28-2020 | 20:49:38:BCCRP Bot just loaded help.ts
Log - Oct-28-2020 | 20:49:41:Connected to the MongoDB database!
Log - Oct-28-2020 | 20:49:45:Connected to the MongoDB database!
Log - Oct-28-2020 | 20:49:49:Connected to the MongoDB database!
Log - Oct-28-2020 | 20:49:57:BCCRP Bot is ready to serve 2123 users in 3 guilds!
Log - Oct-28-2020 | 20:49:57:BCCRP Bot just loaded help.ts
Log - Oct-28-2020 | 20:49:57:BCCRP Bot just loaded ping.ts
Log - Oct-28-2020 | 20:49:57:BCCRP Bot just loaded warn.ts
Log - Oct-28-2020 | 20:50:6:Express server started on 5000
Log - Oct-28-2020 | 20:50:6:Connected to the MongoDB database!
Log - Oct-28-2020 | 20:50:7:BCCRP Bot is ready to serve 2123 users in 3 guilds!
Log - Oct-28-2020 | 20:50:7:BCCRP Bot just loaded help.ts
Log - Oct-28-2020 | 20:50:7:BCCRP Bot just loaded ping.ts
Log - Oct-28-2020 | 20:50:7:BCCRP Bot just loaded warn.ts
Log - Oct-28-2020 | 20:50:21:Express server started on 5000
Log - Oct-28-2020 | 20:50:21:Connected to the MongoDB database!
Log - Oct-28-2020 | 20:50:22:BCCRP Bot is ready to serve 2123 users in 3 guilds!
Log - Oct-28-2020 | 20:50:22:BCCRP Bot just loaded help.ts
Log - Oct-28-2020 | 20:50:23:BCCRP Bot just loaded ping.ts
Log - Oct-28-2020 | 20:50:23:BCCRP Bot just loaded warn.ts
Log - Oct-28-2020 | 20:50:32:Express server started on 5000
Log - Oct-28-2020 | 20:50:32:Connected to the MongoDB database!
Log - Oct-28-2020 | 20:50:34:BCCRP Bot is ready to serve 2123 users in 3 guilds!
Log - Oct-28-2020 | 20:50:34:BCCRP Bot just loaded help.ts
Log - Oct-28-2020 | 20:50:34:BCCRP Bot just loaded ping.ts
Log - Oct-28-2020 | 20:50:34:BCCRP Bot just loaded warn.ts
Log - Oct-28-2020 | 20:50:51:Express server started on 5000
Log - Oct-28-2020 | 20:50:51:Connected to the MongoDB database!
Log - Oct-28-2020 | 20:50:53:BCCRP Bot is ready to serve 2122 users in 3 guilds!
Log - Oct-28-2020 | 20:50:53:BCCRP Bot just loaded help.ts
Log - Oct-28-2020 | 20:50:53:BCCRP Bot just loaded ping.ts
Log - Oct-28-2020 | 20:50:53:BCCRP Bot just loaded warn.ts
Log - Oct-28-2020 | 20:51:19:Express server started on 5000
Log - Oct-28-2020 | 20:51:19:Connected to the MongoDB database!
Log - Oct-28-2020 | 20:51:21:BCCRP Bot is ready to serve 2122 users in 3 guilds!
Log - Oct-28-2020 | 20:51:21:BCCRP Bot just loaded help.ts
Log - Oct-28-2020 | 20:51:21:BCCRP Bot just loaded ping.ts
Log - Oct-28-2020 | 20:51:21:BCCRP Bot just loaded warn.ts
Log - Oct-28-2020 | 20:51:30:Express server started on 5000
Log - Oct-28-2020 | 20:51:30:Connected to the MongoDB database!
Log - Oct-28-2020 | 20:51:31:BCCRP Bot is ready to serve 2122 users in 3 guilds!
Log - Oct-28-2020 | 20:51:31:BCCRP Bot just loaded help.ts
Log - Oct-28-2020 | 20:51:32:BCCRP Bot just loaded ping.ts
Log - Oct-28-2020 | 20:51:32:BCCRP Bot just loaded warn.ts
Log - Oct-28-2020 | 20:52:8:Express server started on 5000
Log - Oct-28-2020 | 20:52:8:Connected to the MongoDB database!
Log - Oct-28-2020 | 20:52:9:BCCRP Bot is ready to serve 2122 users in 3 guilds!
Log - Oct-28-2020 | 20:52:9:BCCRP Bot just loaded help.ts
Log - Oct-28-2020 | 20:52:9:BCCRP Bot just loaded ping.ts
Log - Oct-28-2020 | 20:52:10:BCCRP Bot just loaded warn.ts
Log - Oct-28-2020 | 20:53:40:Express server started on 5000
Log - Oct-28-2020 | 20:53:40:Connected to the MongoDB database!
Log - Oct-28-2020 | 20:53:42:BCCRP Bot is ready to serve 2121 users in 3 guilds!
Log - Oct-28-2020 | 20:53:42:BCCRP Bot just loaded help.ts
Log - Oct-28-2020 | 20:53:42:BCCRP Bot just loaded ping.ts
Log - Oct-28-2020 | 20:53:42:BCCRP Bot just loaded warn.ts
Log - Oct-28-2020 | 20:54:31:Express server started on 5000
Log - Oct-28-2020 | 20:54:31:Connected to the MongoDB database!
Log - Oct-28-2020 | 20:54:32:BCCRP Bot is ready to serve 2121 users in 3 guilds!
Log - Oct-28-2020 | 20:54:32:BCCRP Bot just loaded help.ts
Log - Oct-28-2020 | 20:54:33:BCCRP Bot just loaded ping.ts
Log - Oct-28-2020 | 20:54:33:BCCRP Bot just loaded warn.ts
Log - Oct-28-2020 | 20:54:41:Express server started on 5000
Log - Oct-28-2020 | 20:54:41:Connected to the MongoDB database!
Log - Oct-28-2020 | 20:54:42:BCCRP Bot is ready to serve 2121 users in 3 guilds!
Log - Oct-28-2020 | 20:54:43:BCCRP Bot just loaded help.ts
Log - Oct-28-2020 | 20:54:43:BCCRP Bot just loaded ping.ts
Log - Oct-28-2020 | 20:54:43:BCCRP Bot just loaded warn.ts
Log - Oct-28-2020 | 20:54:58:Express server started on 5000
Log - Oct-28-2020 | 20:54:58:Connected to the MongoDB database!
Log - Oct-28-2020 | 20:54:59:BCCRP Bot is ready to serve 2120 users in 3 guilds!
Log - Oct-28-2020 | 20:54:59:BCCRP Bot just loaded help.ts
Log - Oct-28-2020 | 20:54:59:BCCRP Bot just loaded ping.ts
Log - Oct-28-2020 | 20:54:59:BCCRP Bot just loaded warn.ts
Log - Oct-28-2020 | 20:56:32:Express server started on 5000
Log - Oct-28-2020 | 20:56:32:Connected to the MongoDB database!
Log - Oct-28-2020 | 20:56:34:BCCRP Bot is ready to serve 2122 users in 3 guilds!
Log - Oct-28-2020 | 20:56:34:BCCRP Bot just loaded help.ts
Log - Oct-28-2020 | 20:56:34:BCCRP Bot just loaded ping.ts
Log - Oct-28-2020 | 20:56:34:BCCRP Bot just loaded warn.ts
Log - Oct-28-2020 | 20:57:10:Express server started on 5000
Log - Oct-28-2020 | 20:57:10:Connected to the MongoDB database!
Log - Oct-28-2020 | 20:57:11:BCCRP Bot is ready to serve 2120 users in 3 guilds!
Log - Oct-28-2020 | 20:57:11:BCCRP Bot just loaded help.ts
Log - Oct-28-2020 | 20:57:12:BCCRP Bot just loaded ping.ts
Log - Oct-28-2020 | 20:57:12:BCCRP Bot just loaded warn.ts
Log - Oct-28-2020 | 20:57:29:Express server started on 5000
Log - Oct-28-2020 | 20:57:30:Connected to the MongoDB database!
Log - Oct-28-2020 | 20:57:31:BCCRP Bot is ready to serve 2120 users in 3 guilds!
Log - Oct-28-2020 | 20:57:31:BCCRP Bot just loaded help.ts
Log - Oct-28-2020 | 20:57:31:BCCRP Bot just loaded ping.ts
Log - Oct-28-2020 | 20:57:31:BCCRP Bot just loaded warn.ts
Log - Oct-28-2020 | 20:57:41:Express server started on 5000
Log - Oct-28-2020 | 20:57:41:Connected to the MongoDB database!
Log - Oct-28-2020 | 20:57:42:BCCRP Bot is ready to serve 2120 users in 3 guilds!
Log - Oct-28-2020 | 20:57:43:BCCRP Bot just loaded help.ts
Log - Oct-28-2020 | 20:57:43:BCCRP Bot just loaded ping.ts
Log - Oct-28-2020 | 20:57:43:BCCRP Bot just loaded warn.ts
Log - Oct-28-2020 | 21:0:29:Express server started on 5000
Log - Oct-28-2020 | 21:0:29:Connected to the MongoDB database!
Log - Oct-28-2020 | 21:0:31:BCCRP Bot is ready to serve 2125 users in 3 guilds!
Log - Oct-28-2020 | 21:0:31:BCCRP Bot just loaded help.ts
Log - Oct-28-2020 | 21:0:31:BCCRP Bot just loaded ping.ts
Log - Oct-28-2020 | 21:0:31:BCCRP Bot just loaded warn.ts
Log - Oct-28-2020 | 21:1:10:Express server started on 5000
Log - Oct-28-2020 | 21:1:10:Connected to the MongoDB database!
Log - Oct-28-2020 | 21:1:12:BCCRP Bot is ready to serve 2126 users in 3 guilds!
Log - Oct-28-2020 | 21:1:12:BCCRP Bot just loaded help.ts
Log - Oct-28-2020 | 21:1:12:BCCRP Bot just loaded ping.ts
Log - Oct-28-2020 | 21:1:12:BCCRP Bot just loaded warn.ts
Log - Oct-28-2020 | 21:2:18:Express server started on 5000
Log - Oct-28-2020 | 21:2:18:Connected to the MongoDB database!
Log - Oct-28-2020 | 21:2:20:BCCRP Bot is ready to serve 2124 users in 3 guilds!
Log - Oct-28-2020 | 21:2:20:BCCRP Bot just loaded help.ts
Log - Oct-28-2020 | 21:2:20:BCCRP Bot just loaded ping.ts
Log - Oct-28-2020 | 21:2:20:BCCRP Bot just loaded warn.ts
Log - Oct-28-2020 | 21:2:38:Express server started on 5000
Log - Oct-28-2020 | 21:2:38:Connected to the MongoDB database!
Log - Oct-28-2020 | 21:2:39:BCCRP Bot is ready to serve 2124 users in 3 guilds!
Log - Oct-28-2020 | 21:2:39:BCCRP Bot just loaded help.ts
Log - Oct-28-2020 | 21:2:40:BCCRP Bot just loaded ping.ts
Log - Oct-28-2020 | 21:2:40:BCCRP Bot just loaded warn.ts
Log - Oct-28-2020 | 21:2:46:Express server started on 5000
Log - Oct-28-2020 | 21:2:46:Connected to the MongoDB database!
Log - Oct-28-2020 | 21:2:47:BCCRP Bot is ready to serve 2124 users in 3 guilds!
Log - Oct-28-2020 | 21:2:47:BCCRP Bot just loaded help.ts
Log - Oct-28-2020 | 21:2:48:BCCRP Bot just loaded ping.ts
Log - Oct-28-2020 | 21:2:48:BCCRP Bot just loaded warn.ts
Log - Oct-28-2020 | 21:3:25:Express server started on 5000
Log - Oct-28-2020 | 21:3:25:Connected to the MongoDB database!
Log - Oct-28-2020 | 21:3:26:BCCRP Bot is ready to serve 2125 users in 3 guilds!
Log - Oct-28-2020 | 21:3:26:BCCRP Bot just loaded help.ts
Log - Oct-28-2020 | 21:3:26:BCCRP Bot just loaded ping.ts
Log - Oct-28-2020 | 21:3:26:BCCRP Bot just loaded warn.ts
Log - Oct-28-2020 | 21:3:51:Express server started on 5000
Log - Oct-28-2020 | 21:3:51:Connected to the MongoDB database!
Log - Oct-28-2020 | 21:3:53:BCCRP Bot is ready to serve 2126 users in 3 guilds!
Log - Oct-28-2020 | 21:3:53:BCCRP Bot just loaded help.ts
Log - Oct-28-2020 | 21:3:53:BCCRP Bot just loaded ping.ts
Log - Oct-28-2020 | 21:3:53:BCCRP Bot just loaded warn.ts
Log - Oct-28-2020 | 21:5:31:Express server started on 5000
Log - Oct-28-2020 | 21:5:31:Connected to the MongoDB database!
Log - Oct-28-2020 | 21:5:32:BCCRP Bot is ready to serve 2126 users in 3 guilds!
Log - Oct-28-2020 | 21:5:32:BCCRP Bot just loaded help.ts
Log - Oct-28-2020 | 21:5:33:BCCRP Bot just loaded ping.ts
Log - Oct-28-2020 | 21:5:33:BCCRP Bot just loaded warn.ts
Log - Oct-28-2020 | 21:6:33:Express server started on 5000
Log - Oct-28-2020 | 21:6:33:Connected to the MongoDB database!
Log - Oct-28-2020 | 21:6:35:BCCRP Bot is ready to serve 2125 users in 3 guilds!
Log - Oct-28-2020 | 21:6:35:BCCRP Bot just loaded help.ts
Log - Oct-28-2020 | 21:6:35:BCCRP Bot just loaded ping.ts
Log - Oct-28-2020 | 21:6:35:BCCRP Bot just loaded warn.ts
Log - Oct-28-2020 | 21:6:51:Express server started on 5000
Log - Oct-28-2020 | 21:6:51:Connected to the MongoDB database!
Log - Oct-28-2020 | 21:6:53:BCCRP Bot is ready to serve 2126 users in 3 guilds!
Log - Oct-28-2020 | 21:6:53:BCCRP Bot just loaded help.ts
Log - Oct-28-2020 | 21:6:53:BCCRP Bot just loaded ping.ts
Log - Oct-28-2020 | 21:6:53:BCCRP Bot just loaded warn.ts
Log - Oct-28-2020 | 21:8:35:Express server started on 5000
Log - Oct-28-2020 | 21:8:35:Connected to the MongoDB database!
Log - Oct-28-2020 | 21:8:36:BCCRP Bot is ready to serve 2125 users in 3 guilds!
Log - Oct-28-2020 | 21:8:36:BCCRP Bot just loaded help.ts
Log - Oct-28-2020 | 21:8:36:BCCRP Bot just loaded ping.ts
Log - Oct-28-2020 | 21:8:36:BCCRP Bot just loaded warn.ts
Log - Oct-28-2020 | 21:8:43:Express server started on 5000
Log - Oct-28-2020 | 21:8:43:Connected to the MongoDB database!
Log - Oct-28-2020 | 21:8:45:BCCRP Bot is ready to serve 2125 users in 3 guilds!
Log - Oct-28-2020 | 21:8:45:BCCRP Bot just loaded help.ts
Log - Oct-28-2020 | 21:8:45:BCCRP Bot just loaded ping.ts
Log - Oct-28-2020 | 21:8:45:BCCRP Bot just loaded warn.ts
Log - Oct-28-2020 | 21:10:0:Express server started on 5000
Log - Oct-28-2020 | 21:10:1:Connected to the MongoDB database!
Log - Oct-28-2020 | 21:10:2:BCCRP Bot is ready to serve 2124 users in 3 guilds!
Log - Oct-28-2020 | 21:10:2:BCCRP Bot just loaded help.ts
Log - Oct-28-2020 | 21:10:2:BCCRP Bot just loaded ping.ts
Log - Oct-28-2020 | 21:10:2:BCCRP Bot just loaded warn.ts
Log - Oct-28-2020 | 21:10:5:Express server started on 5000
Log - Oct-28-2020 | 21:10:5:Connected to the MongoDB database!
Log - Oct-28-2020 | 21:10:7:BCCRP Bot is ready to serve 2124 users in 3 guilds!
Log - Oct-28-2020 | 21:10:7:BCCRP Bot just loaded help.ts
Log - Oct-28-2020 | 21:10:7:BCCRP Bot just loaded ping.ts
Log - Oct-28-2020 | 21:10:8:BCCRP Bot just loaded warn.ts
Log - Oct-28-2020 | 21:10:15:Express server started on 5000
Log - Oct-28-2020 | 21:10:15:Connected to the MongoDB database!
Log - Oct-28-2020 | 21:10:16:BCCRP Bot is ready to serve 2124 users in 3 guilds!
Log - Oct-28-2020 | 21:10:16:BCCRP Bot just loaded help.ts
Log - Oct-28-2020 | 21:10:16:BCCRP Bot just loaded ping.ts
Log - Oct-28-2020 | 21:10:16:BCCRP Bot just loaded warn.ts
Log - Oct-28-2020 | 21:11:8:Express server started on 5000
Log - Oct-28-2020 | 21:11:8:Connected to the MongoDB database!
Log - Oct-28-2020 | 21:11:9:BCCRP Bot is ready to serve 2125 users in 3 guilds!
Log - Oct-28-2020 | 21:11:9:BCCRP Bot just loaded help.ts
Log - Oct-28-2020 | 21:11:9:BCCRP Bot just loaded ping.ts
Log - Oct-28-2020 | 21:11:9:BCCRP Bot just loaded warn.ts
Log - Oct-28-2020 | 21:11:18:Express server started on 5000
Log - Oct-28-2020 | 21:11:18:Connected to the MongoDB database!
Log - Oct-28-2020 | 21:11:20:BCCRP Bot is ready to serve 2124 users in 3 guilds!
Log - Oct-28-2020 | 21:11:20:BCCRP Bot just loaded help.ts
Log - Oct-28-2020 | 21:11:20:BCCRP Bot just loaded ping.ts
Log - Oct-28-2020 | 21:11:24:Express server started on 5000
Log - Oct-28-2020 | 21:11:24:Connected to the MongoDB database!
Log - Oct-28-2020 | 21:11:25:BCCRP Bot is ready to serve 2124 users in 3 guilds!
Log - Oct-28-2020 | 21:11:25:BCCRP Bot just loaded help.ts
Log - Oct-28-2020 | 21:11:25:BCCRP Bot just loaded ping.ts
Log - Oct-28-2020 | 21:11:26:BCCRP Bot just loaded warn.ts
Log - Oct-28-2020 | 21:11:31:Express server started on 5000
Log - Oct-28-2020 | 21:11:31:Connected to the MongoDB database!
Log - Oct-28-2020 | 21:11:32:BCCRP Bot is ready to serve 2124 users in 3 guilds!
Log - Oct-28-2020 | 21:11:32:BCCRP Bot just loaded help.ts
Log - Oct-28-2020 | 21:11:33:BCCRP Bot just loaded ping.ts
Log - Oct-28-2020 | 21:11:33:BCCRP Bot just loaded warn.ts
Log - Oct-28-2020 | 21:11:50:Express server started on 5000
Log - Oct-28-2020 | 21:11:50:Connected to the MongoDB database!
Log - Oct-28-2020 | 21:11:52:BCCRP Bot is ready to serve 2124 users in 3 guilds!
Log - Oct-28-2020 | 21:11:52:BCCRP Bot just loaded help.ts
Log - Oct-28-2020 | 21:11:52:BCCRP Bot just loaded ping.ts
Log - Oct-28-2020 | 21:11:52:BCCRP Bot just loaded warn.ts
Log - Oct-28-2020 | 21:12:0:Express server started on 5000
Log - Oct-28-2020 | 21:12:0:Connected to the MongoDB database!
Log - Oct-28-2020 | 21:12:2:BCCRP Bot is ready to serve 2123 users in 3 guilds!
Log - Oct-28-2020 | 21:12:2:BCCRP Bot just loaded help.ts
Log - Oct-28-2020 | 21:12:2:BCCRP Bot just loaded ping.ts
Log - Oct-28-2020 | 21:12:2:BCCRP Bot just loaded warn.ts
Log - Oct-28-2020 | 21:12:6:Express server started on 5000
Log - Oct-28-2020 | 21:12:6:Connected to the MongoDB database!
Log - Oct-28-2020 | 21:12:7:BCCRP Bot is ready to serve 2122 users in 3 guilds!
Log - Oct-28-2020 | 21:12:7:BCCRP Bot just loaded help.ts
Log - Oct-28-2020 | 21:12:7:BCCRP Bot just loaded ping.ts
Log - Oct-28-2020 | 21:12:7:BCCRP Bot just loaded warn.ts
Log - Oct-28-2020 | 21:12:42:Express server started on 5000
Log - Oct-28-2020 | 21:12:42:Connected to the MongoDB database!
Log - Oct-28-2020 | 21:12:43:BCCRP Bot is ready to serve 2124 users in 3 guilds!
Log - Oct-28-2020 | 21:12:43:BCCRP Bot just loaded help.ts
Log - Oct-28-2020 | 21:12:43:BCCRP Bot just loaded ping.ts
Log - Oct-28-2020 | 21:12:43:BCCRP Bot just loaded warn.ts
Log - Oct-28-2020 | 21:13:44:Express server started on 5000
Log - Oct-28-2020 | 21:13:45:Connected to the MongoDB database!
Log - Oct-28-2020 | 21:13:46:BCCRP Bot is ready to serve 2127 users in 3 guilds!
Log - Oct-28-2020 | 21:13:46:BCCRP Bot just loaded help.ts
Log - Oct-28-2020 | 21:13:46:BCCRP Bot just loaded ping.ts
Log - Oct-28-2020 | 21:13:46:BCCRP Bot just loaded warn.ts
Log - Oct-28-2020 | 21:14:40:Express server started on 5000
Log - Oct-28-2020 | 21:14:40:Connected to the MongoDB database!
Log - Oct-28-2020 | 21:14:41:BCCRP Bot is ready to serve 2125 users in 3 guilds!
Log - Oct-28-2020 | 21:14:41:BCCRP Bot just loaded help.ts
Log - Oct-28-2020 | 21:14:41:BCCRP Bot just loaded ping.ts
Log - Oct-28-2020 | 21:17:36:Express server started on 5000
Log - Oct-28-2020 | 21:17:36:Connected to the MongoDB database!
Log - Oct-28-2020 | 21:17:41:Express server started on 5000
Log - Oct-28-2020 | 21:17:41:Connected to the MongoDB database!
Log - Oct-28-2020 | 21:17:45:Express server started on 5000
Log - Oct-28-2020 | 21:17:45:Connected to the MongoDB database!
Log - Oct-28-2020 | 21:17:47:BCCRP Bot is ready to serve 2120 users in 3 guilds!
Log - Oct-28-2020 | 21:17:47:BCCRP Bot just loaded help.ts
Log - Oct-28-2020 | 21:17:47:BCCRP Bot just loaded ping.ts
Log - Oct-28-2020 | 21:18:12:Express server started on 5000
Log - Oct-28-2020 | 21:18:12:Connected to the MongoDB database!
Log - Oct-28-2020 | 21:18:13:BCCRP Bot is ready to serve 2120 users in 3 guilds!
Log - Oct-28-2020 | 21:18:13:BCCRP Bot just loaded help.ts
Log - Oct-28-2020 | 21:18:13:BCCRP Bot just loaded ping.ts
Log - Oct-28-2020 | 21:18:13:BCCRP Bot just loaded warn.ts
Log - Oct-28-2020 | 21:18:50:ked#0001 (756958129983324322) just ran warn.js in Blaine County Country RP (702556315699904604)
Log - Oct-28-2020 | 21:18:56:ked#0001 (756958129983324322) just ran warn.js in Blaine County Country RP (702556315699904604)
Log - Oct-28-2020 | 21:19:13:Express server started on 5000
Log - Oct-28-2020 | 21:19:13:Connected to the MongoDB database!
Log - Oct-28-2020 | 21:19:15:BCCRP Bot is ready to serve 2117 users in 3 guilds!
Log - Oct-28-2020 | 21:19:15:BCCRP Bot just loaded help.ts
Log - Oct-28-2020 | 21:19:15:BCCRP Bot just loaded ping.ts
Log - Oct-28-2020 | 21:19:15:BCCRP Bot just loaded warn.ts
Log - Oct-28-2020 | 21:19:17:ked#0001 (756958129983324322) just ran warn.js in Blaine County Country RP (702556315699904604)
Log - Oct-28-2020 | 21:19:41:Express server started on 5000
Log - Oct-28-2020 | 21:19:41:Connected to the MongoDB database!
Log - Oct-28-2020 | 21:19:42:BCCRP Bot is ready to serve 2118 users in 3 guilds!
Log - Oct-28-2020 | 21:19:42:BCCRP Bot just loaded help.ts
Log - Oct-28-2020 | 21:19:42:BCCRP Bot just loaded ping.ts
Log - Oct-28-2020 | 21:19:42:BCCRP Bot just loaded warn.ts
Log - Oct-28-2020 | 21:20:3:Express server started on 5000
Log - Oct-28-2020 | 21:20:3:Connected to the MongoDB database!
Log - Oct-28-2020 | 21:20:5:BCCRP Bot is ready to serve 2119 users in 3 guilds!
Log - Oct-28-2020 | 21:20:5:BCCRP Bot just loaded help.ts
Log - Oct-28-2020 | 21:20:5:BCCRP Bot just loaded ping.ts
Log - Oct-28-2020 | 21:20:5:BCCRP Bot just loaded warn.ts
Log - Oct-28-2020 | 21:20:7:ked#0001 (756958129983324322) just ran warn.js in Blaine County Country RP (702556315699904604)
Log - Oct-28-2020 | 21:20:20:ked#0001 (756958129983324322) just ran warn.js in Blaine County Country RP (702556315699904604)
Log - Oct-28-2020 | 21:20:34:Express server started on 5000
Log - Oct-28-2020 | 21:20:34:Connected to the MongoDB database!
Log - Oct-28-2020 | 21:20:36:BCCRP Bot is ready to serve 2118 users in 3 guilds!
Log - Oct-28-2020 | 21:20:36:BCCRP Bot just loaded help.ts
Log - Oct-28-2020 | 21:20:36:BCCRP Bot just loaded ping.ts
Log - Oct-28-2020 | 21:20:36:BCCRP Bot just loaded warn.ts
Log - Oct-28-2020 | 21:20:43:Express server started on 5000
Log - Oct-28-2020 | 21:20:43:Connected to the MongoDB database!
Log - Oct-28-2020 | 21:20:44:BCCRP Bot is ready to serve 2118 users in 3 guilds!
Log - Oct-28-2020 | 21:20:44:BCCRP Bot just loaded help.ts
Log - Oct-28-2020 | 21:20:45:BCCRP Bot just loaded ping.ts
Log - Oct-28-2020 | 21:20:45:BCCRP Bot just loaded warn.ts
Log - Oct-28-2020 | 21:20:53:Express server started on 5000
Log - Oct-28-2020 | 21:20:53:Connected to the MongoDB database!
Log - Oct-28-2020 | 21:20:55:BCCRP Bot is ready to serve 2118 users in 3 guilds!
Log - Oct-28-2020 | 21:20:55:BCCRP Bot just loaded help.ts
Log - Oct-28-2020 | 21:20:55:BCCRP Bot just loaded ping.ts
Log - Oct-28-2020 | 21:20:55:BCCRP Bot just loaded warn.ts
Log - Oct-28-2020 | 21:20:57:ked#0001 (756958129983324322) just ran warn.js in Blaine County Country RP (702556315699904604)
Log - Oct-28-2020 | 21:21:28:Express server started on 5000
Log - Oct-28-2020 | 21:21:28:Connected to the MongoDB database!
Log - Oct-28-2020 | 21:21:29:BCCRP Bot is ready to serve 2119 users in 3 guilds!
Log - Oct-28-2020 | 21:21:29:BCCRP Bot just loaded help.ts
Log - Oct-28-2020 | 21:21:29:BCCRP Bot just loaded ping.ts
Log - Oct-28-2020 | 21:21:30:BCCRP Bot just loaded warn.ts
Log - Oct-28-2020 | 21:21:30:ked#0001 (756958129983324322) just ran warn.js in Blaine County Country RP (702556315699904604)
Log - Oct-28-2020 | 21:21:48:Express server started on 5000
Log - Oct-28-2020 | 21:21:48:Connected to the MongoDB database!
Log - Oct-28-2020 | 21:21:49:BCCRP Bot is ready to serve 2119 users in 3 guilds!
Log - Oct-28-2020 | 21:21:49:BCCRP Bot just loaded help.ts
Log - Oct-28-2020 | 21:21:49:BCCRP Bot just loaded ping.ts
Log - Oct-28-2020 | 21:21:50:BCCRP Bot just loaded warn.ts
Log - Oct-28-2020 | 21:22:1:Express server started on 5000
Log - Oct-28-2020 | 21:22:1:Connected to the MongoDB database!
Log - Oct-28-2020 | 21:22:3:BCCRP Bot is ready to serve 2119 users in 3 guilds!
Log - Oct-28-2020 | 21:22:3:BCCRP Bot just loaded help.ts
Log - Oct-28-2020 | 21:22:3:BCCRP Bot just loaded ping.ts
Log - Oct-28-2020 | 21:22:3:BCCRP Bot just loaded warn.ts
Log - Oct-28-2020 | 21:22:5:ked#0001 (756958129983324322) just ran warn.js in Blaine County Country RP (702556315699904604)
Log - Oct-28-2020 | 21:22:11:ked#0001 (756958129983324322) just ran warn.js in Blaine County Country RP (702556315699904604)
Log - Oct-28-2020 | 21:22:23:Express server started on 5000
Log - Oct-28-2020 | 21:22:23:Connected to the MongoDB database!
Log - Oct-28-2020 | 21:22:24:BCCRP Bot is ready to serve 2119 users in 3 guilds!
Log - Oct-28-2020 | 21:22:24:BCCRP Bot just loaded help.ts
Log - Oct-28-2020 | 21:22:24:BCCRP Bot just loaded ping.ts
Log - Oct-28-2020 | 21:22:25:BCCRP Bot just loaded warn.ts
Log - Oct-28-2020 | 21:22:36:Express server started on 5000
Log - Oct-28-2020 | 21:22:37:Connected to the MongoDB database!
Log - Oct-28-2020 | 21:22:38:BCCRP Bot is ready to serve 2118 users in 3 guilds!
Log - Oct-28-2020 | 21:22:38:BCCRP Bot just loaded help.ts
Log - Oct-28-2020 | 21:22:38:BCCRP Bot just loaded ping.ts
Log - Oct-28-2020 | 21:22:38:BCCRP Bot just loaded warn.ts
Log - Oct-28-2020 | 21:22:43:Express server started on 5000
Log - Oct-28-2020 | 21:22:43:Connected to the MongoDB database!
Log - Oct-28-2020 | 21:22:45:BCCRP Bot is ready to serve 2118 users in 3 guilds!
Log - Oct-28-2020 | 21:22:45:BCCRP Bot just loaded help.ts
Log - Oct-28-2020 | 21:22:45:BCCRP Bot just loaded ping.ts
Log - Oct-28-2020 | 21:22:45:BCCRP Bot just loaded warn.ts
Log - Oct-28-2020 | 21:22:49:ked#0001 (756958129983324322) just ran warn.js in Blaine County Country RP (702556315699904604)
Log - Oct-28-2020 | 21:23:6:ked#0001 (756958129983324322) attempted to run warn.js in Blaine County Country RP | Whitelist (763531464885141504) but didn't have the specified permissions.
