Log - Nov-14-2020 | 12:38:56:BCCRP Bot is ready to serve 2416 users in 3 guilds!
Log - Nov-14-2020 | 12:38:56:BCCRP Bot just loaded ping.ts
Log - Nov-14-2020 | 12:38:57:BCCRP Bot just loaded warn.ts
Log - Nov-14-2020 | 12:38:57:BCCRP Bot just loaded message.ts
Log - Nov-14-2020 | 12:38:57:BCCRP Bot just loaded messageDelete.ts
Log - Nov-14-2020 | 12:38:57:BCCRP Bot just loaded messageUpdate.ts
Log - Nov-14-2020 | 12:38:57:BCCRP Bot just loaded ready.ts
Log - Nov-14-2020 | 12:41:39:BCCRP Bot is ready to serve 2415 users in 3 guilds!
Log - Nov-14-2020 | 12:41:39:BCCRP Bot just loaded ping.ts
Log - Nov-14-2020 | 12:41:39:BCCRP Bot just loaded warn.ts
Log - Nov-14-2020 | 12:41:39:BCCRP Bot just loaded message.ts
Log - Nov-14-2020 | 12:41:40:BCCRP Bot just loaded messageDelete.ts
Log - Nov-14-2020 | 12:41:40:BCCRP Bot just loaded messageUpdate.ts
Log - Nov-14-2020 | 12:41:40:BCCRP Bot just loaded ready.ts
Log - Nov-14-2020 | 12:42:29:BCCRP Bot is ready to serve 2411 users in 3 guilds!
Log - Nov-14-2020 | 12:42:30:BCCRP Bot just loaded ping.ts
Log - Nov-14-2020 | 12:42:30:BCCRP Bot just loaded warn.ts
Log - Nov-14-2020 | 12:42:30:BCCRP Bot just loaded message.ts
Log - Nov-14-2020 | 12:42:30:BCCRP Bot just loaded messageDelete.ts
Log - Nov-14-2020 | 12:42:30:BCCRP Bot just loaded messageUpdate.ts
Log - Nov-14-2020 | 12:42:30:BCCRP Bot just loaded ready.ts
Log - Nov-14-2020 | 12:42:57:BCCRP Bot is ready to serve 2410 users in 3 guilds!
Log - Nov-14-2020 | 12:42:57:BCCRP Bot just loaded ping.ts
Log - Nov-14-2020 | 12:43:8:BCCRP Bot is ready to serve 2410 users in 3 guilds!
Log - Nov-14-2020 | 12:43:8:BCCRP Bot just loaded ping.ts
Log - Nov-14-2020 | 12:43:8:BCCRP Bot just loaded warn.ts
Log - Nov-14-2020 | 12:43:8:BCCRP Bot just loaded message.ts
Log - Nov-14-2020 | 12:43:8:BCCRP Bot just loaded messageDelete.ts
Log - Nov-14-2020 | 12:43:8:BCCRP Bot just loaded messageUpdate.ts
Log - Nov-14-2020 | 12:43:9:BCCRP Bot just loaded ready.ts
Log - Nov-14-2020 | 12:43:52:BCCRP Bot is ready to serve 2410 users in 3 guilds!
Log - Nov-14-2020 | 12:43:52:BCCRP Bot just loaded ping.ts
Log - Nov-14-2020 | 12:43:53:BCCRP Bot just loaded warn.ts
Log - Nov-14-2020 | 12:43:53:BCCRP Bot just loaded message.ts
Log - Nov-14-2020 | 12:43:53:BCCRP Bot just loaded messageDelete.ts
Log - Nov-14-2020 | 12:43:53:BCCRP Bot just loaded messageUpdate.ts
Log - Nov-14-2020 | 12:43:53:BCCRP Bot just loaded ready.ts
Log - Nov-14-2020 | 12:46:54:BCCRP Bot is ready to serve 2409 users in 3 guilds!
Log - Nov-14-2020 | 12:46:54:BCCRP Bot just loaded ping.ts
Log - Nov-14-2020 | 12:46:54:BCCRP Bot just loaded warn.ts
Log - Nov-14-2020 | 12:46:54:BCCRP Bot just loaded message.ts
Log - Nov-14-2020 | 12:46:54:BCCRP Bot just loaded messageDelete.ts
Log - Nov-14-2020 | 12:46:54:BCCRP Bot just loaded messageUpdate.ts
Log - Nov-14-2020 | 12:46:54:BCCRP Bot just loaded ready.ts
Log - Nov-14-2020 | 12:50:19:BCCRP Bot is ready to serve 2406 users in 3 guilds!
Log - Nov-14-2020 | 12:50:19:BCCRP Bot just loaded ping.ts
Log - Nov-14-2020 | 12:50:20:BCCRP Bot just loaded warn.ts
Log - Nov-14-2020 | 12:50:20:BCCRP Bot just loaded message.ts
Log - Nov-14-2020 | 12:50:20:BCCRP Bot just loaded messageDelete.ts
Log - Nov-14-2020 | 12:50:20:BCCRP Bot just loaded messageUpdate.ts
Log - Nov-14-2020 | 12:50:20:BCCRP Bot just loaded ready.ts
Log - Nov-14-2020 | 12:53:42:BCCRP Bot is ready to serve 2407 users in 3 guilds!
Log - Nov-14-2020 | 12:53:42:BCCRP Bot just loaded ping.ts
Log - Nov-14-2020 | 12:53:42:BCCRP Bot just loaded warn.ts
Log - Nov-14-2020 | 12:53:42:BCCRP Bot just loaded message.ts
Log - Nov-14-2020 | 12:53:42:BCCRP Bot just loaded messageDelete.ts
Log - Nov-14-2020 | 12:53:42:BCCRP Bot just loaded messageUpdate.ts
Log - Nov-14-2020 | 12:53:42:BCCRP Bot just loaded ready.ts
Log - Nov-14-2020 | 12:54:38:BCCRP Bot is ready to serve 2411 users in 3 guilds!
Log - Nov-14-2020 | 12:54:38:BCCRP Bot just loaded ping.ts
Log - Nov-14-2020 | 12:54:38:BCCRP Bot just loaded warn.ts
Log - Nov-14-2020 | 12:54:38:BCCRP Bot just loaded message.ts
Log - Nov-14-2020 | 12:54:38:BCCRP Bot just loaded messageDelete.ts
Log - Nov-14-2020 | 12:54:39:BCCRP Bot just loaded messageUpdate.ts
Log - Nov-14-2020 | 12:54:39:BCCRP Bot just loaded ready.ts
Log - Nov-14-2020 | 12:56:49:BCCRP Bot is ready to serve 2407 users in 3 guilds!
Log - Nov-14-2020 | 12:56:49:BCCRP Bot just loaded ping.ts
Log - Nov-14-2020 | 12:56:49:BCCRP Bot just loaded warn.ts
Log - Nov-14-2020 | 12:56:49:BCCRP Bot just loaded message.ts
Log - Nov-14-2020 | 12:56:49:BCCRP Bot just loaded messageDelete.ts
Log - Nov-14-2020 | 12:56:49:BCCRP Bot just loaded messageUpdate.ts
Log - Nov-14-2020 | 12:56:49:BCCRP Bot just loaded ready.ts
Log - Nov-14-2020 | 13:8:40:BCCRP Bot is ready to serve 2408 users in 3 guilds!
Log - Nov-14-2020 | 13:8:40:BCCRP Bot just loaded ping.ts
Log - Nov-14-2020 | 13:8:40:BCCRP Bot just loaded warn.ts
Log - Nov-14-2020 | 13:8:40:BCCRP Bot just loaded message.ts
Log - Nov-14-2020 | 13:8:40:BCCRP Bot just loaded messageDelete.ts
Log - Nov-14-2020 | 13:8:40:BCCRP Bot just loaded messageUpdate.ts
Log - Nov-14-2020 | 13:8:40:BCCRP Bot just loaded ready.ts
Log - Nov-14-2020 | 13:8:51:BCCRP Bot is ready to serve 2407 users in 3 guilds!
Log - Nov-14-2020 | 13:8:51:BCCRP Bot just loaded ping.ts
Log - Nov-14-2020 | 13:8:51:BCCRP Bot just loaded warn.ts
Log - Nov-14-2020 | 13:8:51:BCCRP Bot just loaded message.ts
Log - Nov-14-2020 | 13:8:51:BCCRP Bot just loaded messageDelete.ts
Log - Nov-14-2020 | 13:8:51:BCCRP Bot just loaded messageUpdate.ts
Log - Nov-14-2020 | 13:8:52:BCCRP Bot just loaded ready.ts
Log - Nov-14-2020 | 13:8:58:BCCRP Bot is ready to serve 2407 users in 3 guilds!
Log - Nov-14-2020 | 13:8:58:BCCRP Bot just loaded ping.ts
Log - Nov-14-2020 | 13:8:59:BCCRP Bot just loaded warn.ts
Log - Nov-14-2020 | 13:8:59:BCCRP Bot just loaded message.ts
Log - Nov-14-2020 | 13:8:59:BCCRP Bot just loaded messageDelete.ts
Log - Nov-14-2020 | 13:8:59:BCCRP Bot just loaded messageUpdate.ts
Log - Nov-14-2020 | 13:8:59:BCCRP Bot just loaded ready.ts
Log - Nov-14-2020 | 13:20:9:Connected to the MongoDB database!
Log - Nov-14-2020 | 13:20:11:BCCRP Bot is ready to serve 2408 users in 3 guilds!
Log - Nov-14-2020 | 13:20:11:BCCRP Bot just loaded ping.ts
Log - Nov-14-2020 | 13:20:11:BCCRP Bot just loaded warn.ts
Log - Nov-14-2020 | 13:20:11:BCCRP Bot just loaded message.ts
Log - Nov-14-2020 | 13:20:11:BCCRP Bot just loaded messageDelete.ts
Log - Nov-14-2020 | 13:20:11:BCCRP Bot just loaded messageUpdate.ts
Log - Nov-14-2020 | 13:20:11:BCCRP Bot just loaded ready.ts
Log - Nov-14-2020 | 13:22:18:Connected to the MongoDB database!
Log - Nov-14-2020 | 13:22:19:BCCRP Bot is ready to serve 2410 users in 3 guilds!
Log - Nov-14-2020 | 13:22:19:BCCRP Bot just loaded ping.ts
Log - Nov-14-2020 | 13:22:19:BCCRP Bot just loaded warn.ts
Log - Nov-14-2020 | 13:22:19:BCCRP Bot just loaded message.ts
Log - Nov-14-2020 | 13:22:19:BCCRP Bot just loaded messageDelete.ts
Log - Nov-14-2020 | 13:22:19:BCCRP Bot just loaded messageUpdate.ts
Log - Nov-14-2020 | 13:22:20:BCCRP Bot just loaded ready.ts
Log - Nov-14-2020 | 13:23:53:Connected to the MongoDB database!
Log - Nov-14-2020 | 13:23:55:BCCRP Bot is ready to serve 2412 users in 3 guilds!
Log - Nov-14-2020 | 13:23:55:BCCRP Bot just loaded ping.ts
Log - Nov-14-2020 | 13:23:55:BCCRP Bot just loaded warn.ts
Log - Nov-14-2020 | 13:23:55:BCCRP Bot just loaded message.ts
Log - Nov-14-2020 | 13:23:55:BCCRP Bot just loaded messageDelete.ts
Log - Nov-14-2020 | 13:23:55:BCCRP Bot just loaded messageUpdate.ts
Log - Nov-14-2020 | 13:23:55:BCCRP Bot just loaded ready.ts
Log - Nov-14-2020 | 13:24:2:Connected to the MongoDB database!
Log - Nov-14-2020 | 13:24:4:BCCRP Bot is ready to serve 2412 users in 3 guilds!
Log - Nov-14-2020 | 13:24:4:BCCRP Bot just loaded ping.ts
Log - Nov-14-2020 | 13:24:4:BCCRP Bot just loaded warn.ts
Log - Nov-14-2020 | 13:24:4:BCCRP Bot just loaded message.ts
Log - Nov-14-2020 | 13:24:4:BCCRP Bot just loaded messageDelete.ts
Log - Nov-14-2020 | 13:24:4:BCCRP Bot just loaded messageUpdate.ts
Log - Nov-14-2020 | 13:24:4:BCCRP Bot just loaded ready.ts
Log - Nov-14-2020 | 13:26:30:Connected to the MongoDB database!
Log - Nov-14-2020 | 13:26:32:BCCRP Bot is ready to serve 2410 users in 3 guilds!
Log - Nov-14-2020 | 13:26:32:BCCRP Bot just loaded ping.ts
Log - Nov-14-2020 | 13:26:32:BCCRP Bot just loaded warn.ts
Log - Nov-14-2020 | 13:26:32:BCCRP Bot just loaded message.ts
Log - Nov-14-2020 | 13:26:32:BCCRP Bot just loaded messageDelete.ts
Log - Nov-14-2020 | 13:26:32:BCCRP Bot just loaded messageUpdate.ts
Log - Nov-14-2020 | 13:26:32:BCCRP Bot just loaded ready.ts
Log - Nov-14-2020 | 13:27:12:Connected to the MongoDB database!
Log - Nov-14-2020 | 13:27:14:BCCRP Bot is ready to serve 2411 users in 3 guilds!
Log - Nov-14-2020 | 13:27:14:BCCRP Bot just loaded ping.ts
Log - Nov-14-2020 | 13:27:14:BCCRP Bot just loaded warn.ts
Log - Nov-14-2020 | 13:27:14:BCCRP Bot just loaded message.ts
Log - Nov-14-2020 | 13:27:14:BCCRP Bot just loaded messageDelete.ts
Log - Nov-14-2020 | 13:27:14:BCCRP Bot just loaded messageUpdate.ts
Log - Nov-14-2020 | 13:27:14:BCCRP Bot just loaded ready.ts
Log - Nov-14-2020 | 13:27:22:Connected to the MongoDB database!
Log - Nov-14-2020 | 13:27:23:BCCRP Bot is ready to serve 2412 users in 3 guilds!
Log - Nov-14-2020 | 13:27:23:BCCRP Bot just loaded ping.ts
Log - Nov-14-2020 | 13:27:24:BCCRP Bot just loaded warn.ts
Log - Nov-14-2020 | 13:27:24:BCCRP Bot just loaded message.ts
Log - Nov-14-2020 | 13:27:24:BCCRP Bot just loaded messageDelete.ts
Log - Nov-14-2020 | 13:27:24:BCCRP Bot just loaded messageUpdate.ts
Log - Nov-14-2020 | 13:27:24:BCCRP Bot just loaded ready.ts
Log - Nov-14-2020 | 13:27:47:Connected to the MongoDB database!
Log - Nov-14-2020 | 13:27:49:BCCRP Bot is ready to serve 2411 users in 3 guilds!
Log - Nov-14-2020 | 13:27:49:BCCRP Bot just loaded ping.ts
Log - Nov-14-2020 | 13:27:49:BCCRP Bot just loaded warn.ts
Log - Nov-14-2020 | 13:27:49:BCCRP Bot just loaded message.ts
Log - Nov-14-2020 | 13:27:49:BCCRP Bot just loaded messageDelete.ts
Log - Nov-14-2020 | 13:27:49:BCCRP Bot just loaded messageUpdate.ts
Log - Nov-14-2020 | 13:27:49:BCCRP Bot just loaded ready.ts
Log - Nov-14-2020 | 13:29:8:Connected to the MongoDB database!
Log - Nov-14-2020 | 13:29:9:BCCRP Bot is ready to serve 2411 users in 3 guilds!
Log - Nov-14-2020 | 13:29:9:BCCRP Bot just loaded ping.ts
Log - Nov-14-2020 | 13:29:10:BCCRP Bot just loaded warn.ts
Log - Nov-14-2020 | 13:29:10:BCCRP Bot just loaded message.ts
Log - Nov-14-2020 | 13:29:10:BCCRP Bot just loaded messageDelete.ts
Log - Nov-14-2020 | 13:29:10:BCCRP Bot just loaded messageUpdate.ts
Log - Nov-14-2020 | 13:29:10:BCCRP Bot just loaded ready.ts
Log - Nov-14-2020 | 13:29:30:Connected to the MongoDB database!
Log - Nov-14-2020 | 13:29:31:BCCRP Bot is ready to serve 2410 users in 3 guilds!
Log - Nov-14-2020 | 13:29:31:BCCRP Bot just loaded ping.ts
Log - Nov-14-2020 | 13:29:31:BCCRP Bot just loaded warn.ts
Log - Nov-14-2020 | 13:29:31:BCCRP Bot just loaded message.ts
Log - Nov-14-2020 | 13:29:31:BCCRP Bot just loaded messageDelete.ts
Log - Nov-14-2020 | 13:29:32:BCCRP Bot just loaded messageUpdate.ts
Log - Nov-14-2020 | 13:29:32:BCCRP Bot just loaded ready.ts
Log - Nov-14-2020 | 13:32:33:Connected to the MongoDB database!
Log - Nov-14-2020 | 13:32:34:BCCRP Bot is ready to serve 2407 users in 3 guilds!
Log - Nov-14-2020 | 13:32:34:BCCRP Bot just loaded ping.ts
Log - Nov-14-2020 | 13:32:34:BCCRP Bot just loaded warn.ts
Log - Nov-14-2020 | 13:32:35:BCCRP Bot just loaded message.ts
Log - Nov-14-2020 | 13:32:35:BCCRP Bot just loaded messageDelete.ts
Log - Nov-14-2020 | 13:32:35:BCCRP Bot just loaded messageUpdate.ts
Log - Nov-14-2020 | 13:32:35:BCCRP Bot just loaded ready.ts
Log - Nov-14-2020 | 13:33:0:Connected to the MongoDB database!
Log - Nov-14-2020 | 13:33:2:BCCRP Bot is ready to serve 2407 users in 3 guilds!
Log - Nov-14-2020 | 13:33:2:BCCRP Bot just loaded ping.ts
Log - Nov-14-2020 | 13:33:2:BCCRP Bot just loaded warn.ts
Log - Nov-14-2020 | 13:33:2:BCCRP Bot just loaded message.ts
Log - Nov-14-2020 | 13:33:2:BCCRP Bot just loaded messageDelete.ts
Log - Nov-14-2020 | 13:33:2:BCCRP Bot just loaded messageUpdate.ts
Log - Nov-14-2020 | 13:33:2:BCCRP Bot just loaded ready.ts
Log - Nov-14-2020 | 13:33:20:Connected to the MongoDB database!
Log - Nov-14-2020 | 13:33:22:BCCRP Bot is ready to serve 2406 users in 3 guilds!
Log - Nov-14-2020 | 13:33:22:BCCRP Bot just loaded ping.ts
Log - Nov-14-2020 | 13:33:22:BCCRP Bot just loaded warn.ts
Log - Nov-14-2020 | 13:33:22:BCCRP Bot just loaded message.ts
Log - Nov-14-2020 | 13:33:22:BCCRP Bot just loaded messageDelete.ts
Log - Nov-14-2020 | 13:33:22:BCCRP Bot just loaded messageUpdate.ts
Log - Nov-14-2020 | 13:33:22:BCCRP Bot just loaded ready.ts
Log - Nov-14-2020 | 14:9:37:Connected to the MongoDB database!
Log - Nov-14-2020 | 14:9:38:BCCRP Bot is ready to serve 2420 users in 3 guilds!
Log - Nov-14-2020 | 14:9:39:BCCRP Bot just loaded ping.ts
Log - Nov-14-2020 | 14:9:39:BCCRP Bot just loaded warn.ts
Log - Nov-14-2020 | 14:9:39:BCCRP Bot just loaded message.ts
Log - Nov-14-2020 | 14:9:39:BCCRP Bot just loaded messageDelete.ts
Log - Nov-14-2020 | 14:9:39:BCCRP Bot just loaded messageUpdate.ts
Log - Nov-14-2020 | 14:9:39:BCCRP Bot just loaded ready.ts
Log - Nov-14-2020 | 21:29:29:Connected to the MongoDB database!
Log - Nov-14-2020 | 21:29:30:BCCRP Bot is ready to serve 2393 users in 3 guilds!
Log - Nov-14-2020 | 21:29:30:BCCRP Bot just loaded ping.ts
Log - Nov-14-2020 | 21:29:31:BCCRP Bot just loaded warn.ts
Log - Nov-14-2020 | 21:29:31:BCCRP Bot just loaded message.ts
Log - Nov-14-2020 | 21:29:31:BCCRP Bot just loaded messageDelete.ts
Log - Nov-14-2020 | 21:29:31:BCCRP Bot just loaded messageUpdate.ts
Log - Nov-14-2020 | 21:29:31:BCCRP Bot just loaded ready.ts
Log - Nov-14-2020 | 21:30:49:Connected to the MongoDB database!
Log - Nov-14-2020 | 21:30:50:BCCRP Bot is ready to serve 2393 users in 3 guilds!
Log - Nov-14-2020 | 21:30:51:BCCRP Bot just loaded ping.ts
Log - Nov-14-2020 | 21:30:51:BCCRP Bot just loaded warn.ts
Log - Nov-14-2020 | 21:30:51:BCCRP Bot just loaded message.ts
Log - Nov-14-2020 | 21:30:51:BCCRP Bot just loaded messageDelete.ts
Log - Nov-14-2020 | 21:30:51:BCCRP Bot just loaded messageUpdate.ts
Log - Nov-14-2020 | 21:30:51:BCCRP Bot just loaded ready.ts
Log - Nov-14-2020 | 21:32:18:Connected to the MongoDB database!
Log - Nov-14-2020 | 21:32:19:BCCRP Bot is ready to serve 2394 users in 3 guilds!
Log - Nov-14-2020 | 21:32:19:BCCRP Bot just loaded ping.ts
Log - Nov-14-2020 | 21:32:19:BCCRP Bot just loaded warn.ts
Log - Nov-14-2020 | 21:32:19:BCCRP Bot just loaded message.ts
Log - Nov-14-2020 | 21:32:19:BCCRP Bot just loaded messageDelete.ts
Log - Nov-14-2020 | 21:32:20:BCCRP Bot just loaded messageUpdate.ts
Log - Nov-14-2020 | 21:32:20:BCCRP Bot just loaded ready.ts
Log - Nov-14-2020 | 21:32:58:Connected to the MongoDB database!
Log - Nov-14-2020 | 21:32:59:BCCRP Bot is ready to serve 2394 users in 3 guilds!
Log - Nov-14-2020 | 21:32:59:BCCRP Bot just loaded ping.ts
Log - Nov-14-2020 | 21:32:59:BCCRP Bot just loaded warn.ts
Log - Nov-14-2020 | 21:32:59:BCCRP Bot just loaded message.ts
Log - Nov-14-2020 | 21:33:0:BCCRP Bot just loaded messageDelete.ts
Log - Nov-14-2020 | 21:33:0:BCCRP Bot just loaded messageUpdate.ts
Log - Nov-14-2020 | 21:33:0:BCCRP Bot just loaded ready.ts
Log - Nov-14-2020 | 21:33:39:Connected to the MongoDB database!
Log - Nov-14-2020 | 21:33:40:BCCRP Bot is ready to serve 2396 users in 3 guilds!
Log - Nov-14-2020 | 21:33:40:BCCRP Bot just loaded ping.ts
Log - Nov-14-2020 | 21:33:40:BCCRP Bot just loaded warn.ts
Log - Nov-14-2020 | 21:33:40:BCCRP Bot just loaded message.ts
Log - Nov-14-2020 | 21:33:40:BCCRP Bot just loaded messageDelete.ts
Log - Nov-14-2020 | 21:33:40:BCCRP Bot just loaded messageUpdate.ts
Log - Nov-14-2020 | 21:33:40:BCCRP Bot just loaded ready.ts
Log - Nov-14-2020 | 21:34:37:Connected to the MongoDB database!
Log - Nov-14-2020 | 21:34:39:BCCRP Bot is ready to serve 2395 users in 3 guilds!
Log - Nov-14-2020 | 21:34:39:BCCRP Bot just loaded ping.ts
Log - Nov-14-2020 | 21:34:39:BCCRP Bot just loaded warn.ts
Log - Nov-14-2020 | 21:34:39:BCCRP Bot just loaded message.ts
Log - Nov-14-2020 | 21:34:39:BCCRP Bot just loaded messageDelete.ts
Log - Nov-14-2020 | 21:34:39:BCCRP Bot just loaded messageUpdate.ts
Log - Nov-14-2020 | 21:34:40:BCCRP Bot just loaded ready.ts
Log - Nov-14-2020 | 21:36:11:Connected to the MongoDB database!
Log - Nov-14-2020 | 21:36:12:BCCRP Bot is ready to serve 2393 users in 3 guilds!
Log - Nov-14-2020 | 21:36:13:BCCRP Bot just loaded ping.ts
Log - Nov-14-2020 | 21:36:13:BCCRP Bot just loaded warn.ts
Log - Nov-14-2020 | 21:36:13:BCCRP Bot just loaded message.ts
Log - Nov-14-2020 | 21:36:13:BCCRP Bot just loaded messageDelete.ts
Log - Nov-14-2020 | 21:36:13:BCCRP Bot just loaded messageUpdate.ts
Log - Nov-14-2020 | 21:36:13:BCCRP Bot just loaded ready.ts
Log - Nov-14-2020 | 21:37:33:Connected to the MongoDB database!
Log - Nov-14-2020 | 21:37:34:BCCRP Bot is ready to serve 2392 users in 3 guilds!
Log - Nov-14-2020 | 21:37:34:BCCRP Bot just loaded ping.ts
Log - Nov-14-2020 | 21:37:35:BCCRP Bot just loaded warn.ts
Log - Nov-14-2020 | 21:37:35:BCCRP Bot just loaded message.ts
Log - Nov-14-2020 | 21:37:35:BCCRP Bot just loaded messageDelete.ts
Log - Nov-14-2020 | 21:37:35:BCCRP Bot just loaded messageUpdate.ts
Log - Nov-14-2020 | 21:37:35:BCCRP Bot just loaded ready.ts
Log - Nov-14-2020 | 21:37:56:Connected to the MongoDB database!
Log - Nov-14-2020 | 21:37:58:BCCRP Bot is ready to serve 2392 users in 3 guilds!
Log - Nov-14-2020 | 21:37:58:BCCRP Bot just loaded ping.ts
Log - Nov-14-2020 | 21:37:58:BCCRP Bot just loaded warn.ts
Log - Nov-14-2020 | 21:37:58:BCCRP Bot just loaded message.ts
Log - Nov-14-2020 | 21:37:58:BCCRP Bot just loaded messageDelete.ts
Log - Nov-14-2020 | 21:37:58:BCCRP Bot just loaded messageUpdate.ts
Log - Nov-14-2020 | 21:37:58:BCCRP Bot just loaded ready.ts
Log - Nov-14-2020 | 21:38:0:Client connected...
Log - Nov-14-2020 | 21:45:40:Connected to the MongoDB database!
Log - Nov-14-2020 | 21:46:2:Connected to the MongoDB database!
Log - Nov-14-2020 | 21:46:4:Client connected...
Log - Nov-14-2020 | 21:46:4:BCCRP Bot is ready to serve 2395 users in 3 guilds!
Log - Nov-14-2020 | 21:46:4:BCCRP Bot just loaded ping.ts
Log - Nov-14-2020 | 21:46:4:BCCRP Bot just loaded warn.ts
Log - Nov-14-2020 | 21:46:4:BCCRP Bot just loaded message.ts
Log - Nov-14-2020 | 21:46:4:BCCRP Bot just loaded messageDelete.ts
Log - Nov-14-2020 | 21:46:4:BCCRP Bot just loaded messageUpdate.ts
Log - Nov-14-2020 | 21:46:4:BCCRP Bot just loaded ready.ts
Log - Nov-14-2020 | 21:47:6:Connected to the MongoDB database!
Log - Nov-14-2020 | 21:47:6:Client connected...
Log - Nov-14-2020 | 21:47:8:BCCRP Bot is ready to serve 2394 users in 3 guilds!
Log - Nov-14-2020 | 21:47:8:BCCRP Bot just loaded ping.ts
Log - Nov-14-2020 | 21:47:8:BCCRP Bot just loaded warn.ts
Log - Nov-14-2020 | 21:47:8:BCCRP Bot just loaded message.ts
Log - Nov-14-2020 | 21:47:8:BCCRP Bot just loaded messageDelete.ts
Log - Nov-14-2020 | 21:47:8:BCCRP Bot just loaded messageUpdate.ts
Log - Nov-14-2020 | 21:47:8:BCCRP Bot just loaded ready.ts
Log - Nov-14-2020 | 21:47:23:Connected to the MongoDB database!
Log - Nov-14-2020 | 21:47:25:BCCRP Bot is ready to serve 2394 users in 3 guilds!
Log - Nov-14-2020 | 21:47:25:BCCRP Bot just loaded ping.ts
Log - Nov-14-2020 | 21:47:25:BCCRP Bot just loaded warn.ts
Log - Nov-14-2020 | 21:47:25:BCCRP Bot just loaded message.ts
Log - Nov-14-2020 | 21:47:25:BCCRP Bot just loaded messageDelete.ts
Log - Nov-14-2020 | 21:47:25:BCCRP Bot just loaded messageUpdate.ts
Log - Nov-14-2020 | 21:47:25:BCCRP Bot just loaded ready.ts
Log - Nov-14-2020 | 21:47:26:Client connected...
Log - Nov-14-2020 | 21:47:44:Connected to the MongoDB database!
Log - Nov-14-2020 | 21:47:45:[object Object]
Log - Nov-14-2020 | 21:47:46:BCCRP Bot is ready to serve 2394 users in 3 guilds!
Log - Nov-14-2020 | 21:47:46:BCCRP Bot just loaded ping.ts
Log - Nov-14-2020 | 21:47:46:BCCRP Bot just loaded warn.ts
Log - Nov-14-2020 | 21:47:46:BCCRP Bot just loaded message.ts
Log - Nov-14-2020 | 21:47:46:BCCRP Bot just loaded messageDelete.ts
Log - Nov-14-2020 | 21:47:46:BCCRP Bot just loaded messageUpdate.ts
Log - Nov-14-2020 | 21:47:46:BCCRP Bot just loaded ready.ts
Log - Nov-14-2020 | 21:49:50:[object Object]
Log - Nov-14-2020 | 21:50:31:Connected to the MongoDB database!
Log - Nov-14-2020 | 21:50:33:BCCRP Bot is ready to serve 2392 users in 3 guilds!
Log - Nov-14-2020 | 21:50:33:BCCRP Bot just loaded ping.ts
Log - Nov-14-2020 | 21:50:33:BCCRP Bot just loaded warn.ts
Log - Nov-14-2020 | 21:50:33:BCCRP Bot just loaded message.ts
Log - Nov-14-2020 | 21:50:33:BCCRP Bot just loaded messageDelete.ts
Log - Nov-14-2020 | 21:50:33:BCCRP Bot just loaded messageUpdate.ts
Log - Nov-14-2020 | 21:50:33:BCCRP Bot just loaded ready.ts
Log - Nov-14-2020 | 21:50:34:undefined
Log - Nov-14-2020 | 21:50:38:undefined
Log - Nov-14-2020 | 21:52:52:Connected to the MongoDB database!
Log - Nov-14-2020 | 21:52:53:undefined
Log - Nov-14-2020 | 21:52:54:BCCRP Bot is ready to serve 2393 users in 3 guilds!
Log - Nov-14-2020 | 21:52:54:BCCRP Bot just loaded ping.ts
Log - Nov-14-2020 | 21:52:54:BCCRP Bot just loaded warn.ts
Log - Nov-14-2020 | 21:52:54:BCCRP Bot just loaded message.ts
Log - Nov-14-2020 | 21:52:54:BCCRP Bot just loaded messageDelete.ts
Log - Nov-14-2020 | 21:52:54:BCCRP Bot just loaded messageUpdate.ts
Log - Nov-14-2020 | 21:52:54:BCCRP Bot just loaded ready.ts
Log - Nov-14-2020 | 21:52:58:Connected to the MongoDB database!
Log - Nov-14-2020 | 21:53:2:Connected to the MongoDB database!
Log - Nov-14-2020 | 21:53:10:BCCRP Bot is ready to serve 2393 users in 3 guilds!
Log - Nov-14-2020 | 21:53:10:BCCRP Bot just loaded ping.ts
Log - Nov-14-2020 | 21:53:10:BCCRP Bot just loaded warn.ts
Log - Nov-14-2020 | 21:53:10:BCCRP Bot just loaded message.ts
Log - Nov-14-2020 | 21:53:10:BCCRP Bot just loaded messageDelete.ts
Log - Nov-14-2020 | 21:53:10:BCCRP Bot just loaded messageUpdate.ts
Log - Nov-14-2020 | 21:53:10:BCCRP Bot just loaded ready.ts
Log - Nov-14-2020 | 21:55:22:Connected to the MongoDB database!
Log - Nov-14-2020 | 21:55:24:BCCRP Bot is ready to serve 2394 users in 3 guilds!
Log - Nov-14-2020 | 21:55:24:BCCRP Bot just loaded ping.ts
Log - Nov-14-2020 | 21:55:24:BCCRP Bot just loaded warn.ts
Log - Nov-14-2020 | 21:55:24:BCCRP Bot just loaded message.ts
Log - Nov-14-2020 | 21:55:24:BCCRP Bot just loaded messageDelete.ts
Log - Nov-14-2020 | 21:55:24:BCCRP Bot just loaded messageUpdate.ts
Log - Nov-14-2020 | 21:55:24:BCCRP Bot just loaded ready.ts
Log - Nov-14-2020 | 21:55:39:Connected to the MongoDB database!
Log - Nov-14-2020 | 21:55:41:BCCRP Bot is ready to serve 2394 users in 3 guilds!
Log - Nov-14-2020 | 21:55:41:BCCRP Bot just loaded ping.ts
Log - Nov-14-2020 | 21:55:41:BCCRP Bot just loaded warn.ts
Log - Nov-14-2020 | 21:55:41:BCCRP Bot just loaded message.ts
Log - Nov-14-2020 | 21:55:41:BCCRP Bot just loaded messageDelete.ts
Log - Nov-14-2020 | 21:55:41:BCCRP Bot just loaded messageUpdate.ts
Log - Nov-14-2020 | 21:55:41:BCCRP Bot just loaded ready.ts
Log - Nov-14-2020 | 21:56:41:Connected to the MongoDB database!
Log - Nov-14-2020 | 21:56:43:BCCRP Bot is ready to serve 2395 users in 3 guilds!
Log - Nov-14-2020 | 21:56:43:BCCRP Bot just loaded ping.ts
Log - Nov-14-2020 | 21:56:43:BCCRP Bot just loaded warn.ts
Log - Nov-14-2020 | 21:56:43:BCCRP Bot just loaded message.ts
Log - Nov-14-2020 | 21:56:43:BCCRP Bot just loaded messageDelete.ts
Log - Nov-14-2020 | 21:56:43:BCCRP Bot just loaded messageUpdate.ts
Log - Nov-14-2020 | 21:56:43:BCCRP Bot just loaded ready.ts
Log - Nov-14-2020 | 21:56:48:Connected to the MongoDB database!
Log - Nov-14-2020 | 21:56:49:BCCRP Bot is ready to serve 2394 users in 3 guilds!
Log - Nov-14-2020 | 21:56:49:BCCRP Bot just loaded ping.ts
Log - Nov-14-2020 | 21:56:50:BCCRP Bot just loaded warn.ts
Log - Nov-14-2020 | 21:56:50:BCCRP Bot just loaded message.ts
Log - Nov-14-2020 | 21:56:50:BCCRP Bot just loaded messageDelete.ts
Log - Nov-14-2020 | 21:56:50:BCCRP Bot just loaded messageUpdate.ts
Log - Nov-14-2020 | 21:56:50:BCCRP Bot just loaded ready.ts
Log - Nov-14-2020 | 21:57:4:Connected to the MongoDB database!
Log - Nov-14-2020 | 21:57:5:BCCRP Bot is ready to serve 2395 users in 3 guilds!
Log - Nov-14-2020 | 21:57:5:BCCRP Bot just loaded ping.ts
Log - Nov-14-2020 | 21:57:5:BCCRP Bot just loaded warn.ts
Log - Nov-14-2020 | 21:57:5:BCCRP Bot just loaded message.ts
Log - Nov-14-2020 | 21:57:5:BCCRP Bot just loaded messageDelete.ts
Log - Nov-14-2020 | 21:57:5:BCCRP Bot just loaded messageUpdate.ts
Log - Nov-14-2020 | 21:57:5:BCCRP Bot just loaded ready.ts
Log - Nov-14-2020 | 21:57:22:Connected to the MongoDB database!
Log - Nov-14-2020 | 21:57:24:BCCRP Bot is ready to serve 2395 users in 3 guilds!
Log - Nov-14-2020 | 21:57:24:BCCRP Bot just loaded ping.ts
Log - Nov-14-2020 | 21:57:24:BCCRP Bot just loaded warn.ts
Log - Nov-14-2020 | 21:57:24:BCCRP Bot just loaded message.ts
Log - Nov-14-2020 | 21:57:24:BCCRP Bot just loaded messageDelete.ts
Log - Nov-14-2020 | 21:57:24:BCCRP Bot just loaded messageUpdate.ts
Log - Nov-14-2020 | 21:57:24:BCCRP Bot just loaded ready.ts
Log - Nov-14-2020 | 21:58:8:Connected to the MongoDB database!
Log - Nov-14-2020 | 21:58:9:BCCRP Bot is ready to serve 2397 users in 3 guilds!
Log - Nov-14-2020 | 21:58:9:BCCRP Bot just loaded ping.ts
Log - Nov-14-2020 | 21:58:10:BCCRP Bot just loaded warn.ts
Log - Nov-14-2020 | 21:58:10:BCCRP Bot just loaded message.ts
Log - Nov-14-2020 | 21:58:10:BCCRP Bot just loaded messageDelete.ts
Log - Nov-14-2020 | 21:58:10:BCCRP Bot just loaded messageUpdate.ts
Log - Nov-14-2020 | 21:58:10:BCCRP Bot just loaded ready.ts
Log - Nov-14-2020 | 21:58:52:Connected to the MongoDB database!
Log - Nov-14-2020 | 21:58:54:BCCRP Bot is ready to serve 2398 users in 3 guilds!
Log - Nov-14-2020 | 21:58:54:BCCRP Bot just loaded ping.ts
Log - Nov-14-2020 | 21:58:54:BCCRP Bot just loaded warn.ts
Log - Nov-14-2020 | 21:58:54:BCCRP Bot just loaded message.ts
Log - Nov-14-2020 | 21:58:54:BCCRP Bot just loaded messageDelete.ts
Log - Nov-14-2020 | 21:58:54:BCCRP Bot just loaded messageUpdate.ts
Log - Nov-14-2020 | 21:58:54:BCCRP Bot just loaded ready.ts
Log - Nov-14-2020 | 21:59:24:Connected to the MongoDB database!
Log - Nov-14-2020 | 21:59:26:Unauthorized socket connection.
Log - Nov-14-2020 | 21:59:26:BCCRP Bot is ready to serve 2398 users in 3 guilds!
Log - Nov-14-2020 | 21:59:26:BCCRP Bot just loaded ping.ts
Log - Nov-14-2020 | 21:59:26:BCCRP Bot just loaded warn.ts
Log - Nov-14-2020 | 21:59:26:BCCRP Bot just loaded message.ts
Log - Nov-14-2020 | 21:59:27:BCCRP Bot just loaded messageDelete.ts
Log - Nov-14-2020 | 21:59:27:BCCRP Bot just loaded messageUpdate.ts
Log - Nov-14-2020 | 21:59:27:BCCRP Bot just loaded ready.ts
Log - Nov-14-2020 | 21:59:45:Connected to the MongoDB database!
Log - Nov-14-2020 | 21:59:47:BCCRP Bot is ready to serve 2396 users in 3 guilds!
Log - Nov-14-2020 | 21:59:47:BCCRP Bot just loaded ping.ts
Log - Nov-14-2020 | 21:59:47:BCCRP Bot just loaded warn.ts
Log - Nov-14-2020 | 21:59:47:BCCRP Bot just loaded message.ts
Log - Nov-14-2020 | 21:59:47:BCCRP Bot just loaded messageDelete.ts
Log - Nov-14-2020 | 21:59:47:BCCRP Bot just loaded messageUpdate.ts
Log - Nov-14-2020 | 21:59:47:BCCRP Bot just loaded ready.ts
Log - Nov-14-2020 | 21:59:55:Connected to the MongoDB database!
Log - Nov-14-2020 | 21:59:56:BCCRP Bot is ready to serve 2396 users in 3 guilds!
Log - Nov-14-2020 | 21:59:56:BCCRP Bot just loaded ping.ts
Log - Nov-14-2020 | 21:59:56:BCCRP Bot just loaded warn.ts
Log - Nov-14-2020 | 21:59:56:BCCRP Bot just loaded message.ts
Log - Nov-14-2020 | 21:59:56:BCCRP Bot just loaded messageDelete.ts
Log - Nov-14-2020 | 21:59:56:BCCRP Bot just loaded messageUpdate.ts
Log - Nov-14-2020 | 21:59:56:BCCRP Bot just loaded ready.ts
Log - Nov-14-2020 | 22:0:7:Unauthorized socket connection.
Log - Nov-14-2020 | 22:12:26:Connected to the MongoDB database!
Log - Nov-14-2020 | 22:12:28:BCCRP Bot is ready to serve 2392 users in 3 guilds!
Log - Nov-14-2020 | 22:12:28:BCCRP Bot just loaded ping.ts
Log - Nov-14-2020 | 22:12:28:BCCRP Bot just loaded warn.ts
Log - Nov-14-2020 | 22:12:28:BCCRP Bot just loaded message.ts
Log - Nov-14-2020 | 22:12:28:BCCRP Bot just loaded messageDelete.ts
Log - Nov-14-2020 | 22:12:28:BCCRP Bot just loaded messageUpdate.ts
Log - Nov-14-2020 | 22:12:28:BCCRP Bot just loaded ready.ts
Log - Nov-14-2020 | 22:13:50:Connected to the MongoDB database!
Log - Nov-14-2020 | 22:13:52:BCCRP Bot is ready to serve 2392 users in 3 guilds!
Log - Nov-14-2020 | 22:13:52:BCCRP Bot just loaded ping.ts
Log - Nov-14-2020 | 22:13:52:BCCRP Bot just loaded warn.ts
Log - Nov-14-2020 | 22:13:52:BCCRP Bot just loaded message.ts
Log - Nov-14-2020 | 22:13:52:BCCRP Bot just loaded messageDelete.ts
Log - Nov-14-2020 | 22:13:52:BCCRP Bot just loaded messageUpdate.ts
Log - Nov-14-2020 | 22:13:52:BCCRP Bot just loaded ready.ts
Log - Nov-14-2020 | 22:17:7:Connected to the MongoDB database!
Log - Nov-14-2020 | 22:17:8:BCCRP Bot is ready to serve 2397 users in 3 guilds!
Log - Nov-14-2020 | 22:17:9:BCCRP Bot just loaded ping.ts
Log - Nov-14-2020 | 22:17:9:BCCRP Bot just loaded warn.ts
Log - Nov-14-2020 | 22:17:9:BCCRP Bot just loaded message.ts
Log - Nov-14-2020 | 22:17:9:BCCRP Bot just loaded messageDelete.ts
Log - Nov-14-2020 | 22:17:9:BCCRP Bot just loaded messageUpdate.ts
Log - Nov-14-2020 | 22:17:9:BCCRP Bot just loaded ready.ts
Log - Nov-14-2020 | 22:19:4:Connected to the MongoDB database!
Log - Nov-14-2020 | 22:19:5:BCCRP Bot is ready to serve 2396 users in 3 guilds!
Log - Nov-14-2020 | 22:19:5:BCCRP Bot just loaded ping.ts
Log - Nov-14-2020 | 22:19:5:BCCRP Bot just loaded warn.ts
Log - Nov-14-2020 | 22:19:5:BCCRP Bot just loaded message.ts
Log - Nov-14-2020 | 22:19:5:BCCRP Bot just loaded messageDelete.ts
Log - Nov-14-2020 | 22:19:6:BCCRP Bot just loaded messageUpdate.ts
Log - Nov-14-2020 | 22:19:6:BCCRP Bot just loaded ready.ts
Log - Nov-14-2020 | 22:19:43:Connected to the MongoDB database!
Log - Nov-14-2020 | 22:19:45:BCCRP Bot is ready to serve 2397 users in 3 guilds!
Log - Nov-14-2020 | 22:19:45:BCCRP Bot just loaded ping.ts
Log - Nov-14-2020 | 22:19:45:BCCRP Bot just loaded warn.ts
Log - Nov-14-2020 | 22:19:45:BCCRP Bot just loaded message.ts
Log - Nov-14-2020 | 22:19:45:BCCRP Bot just loaded messageDelete.ts
Log - Nov-14-2020 | 22:19:45:BCCRP Bot just loaded messageUpdate.ts
Log - Nov-14-2020 | 22:19:45:BCCRP Bot just loaded ready.ts
Log - Nov-14-2020 | 22:21:6:Connected to the MongoDB database!
Log - Nov-14-2020 | 22:21:8:BCCRP Bot is ready to serve 2398 users in 3 guilds!
Log - Nov-14-2020 | 22:21:8:BCCRP Bot just loaded ping.ts
Log - Nov-14-2020 | 22:21:8:BCCRP Bot just loaded warn.ts
Log - Nov-14-2020 | 22:21:8:BCCRP Bot just loaded message.ts
Log - Nov-14-2020 | 22:21:8:BCCRP Bot just loaded messageDelete.ts
Log - Nov-14-2020 | 22:21:8:BCCRP Bot just loaded messageUpdate.ts
Log - Nov-14-2020 | 22:21:8:BCCRP Bot just loaded ready.ts
Log - Nov-14-2020 | 22:22:8:Connected to the MongoDB database!
Log - Nov-14-2020 | 22:22:10:BCCRP Bot is ready to serve 2399 users in 3 guilds!
Log - Nov-14-2020 | 22:22:10:BCCRP Bot just loaded ping.ts
Log - Nov-14-2020 | 22:22:10:BCCRP Bot just loaded warn.ts
Log - Nov-14-2020 | 22:22:10:BCCRP Bot just loaded message.ts
Log - Nov-14-2020 | 22:22:10:BCCRP Bot just loaded messageDelete.ts
Log - Nov-14-2020 | 22:22:10:BCCRP Bot just loaded messageUpdate.ts
Log - Nov-14-2020 | 22:22:10:BCCRP Bot just loaded ready.ts
Log - Nov-14-2020 | 22:22:32:Connected to the MongoDB database!
Log - Nov-14-2020 | 22:22:34:BCCRP Bot is ready to serve 2399 users in 3 guilds!
Log - Nov-14-2020 | 22:22:34:BCCRP Bot just loaded ping.ts
Log - Nov-14-2020 | 22:22:34:BCCRP Bot just loaded warn.ts
Log - Nov-14-2020 | 22:22:34:BCCRP Bot just loaded message.ts
Log - Nov-14-2020 | 22:22:34:BCCRP Bot just loaded messageDelete.ts
Log - Nov-14-2020 | 22:22:34:BCCRP Bot just loaded messageUpdate.ts
Log - Nov-14-2020 | 22:22:34:BCCRP Bot just loaded ready.ts
Log - Nov-14-2020 | 22:23:32:Connected to the MongoDB database!
Log - Nov-14-2020 | 22:23:33:BCCRP Bot is ready to serve 2402 users in 3 guilds!
Log - Nov-14-2020 | 22:23:34:BCCRP Bot just loaded ping.ts
Log - Nov-14-2020 | 22:23:34:BCCRP Bot just loaded warn.ts
Log - Nov-14-2020 | 22:23:34:BCCRP Bot just loaded message.ts
Log - Nov-14-2020 | 22:23:34:BCCRP Bot just loaded messageDelete.ts
Log - Nov-14-2020 | 22:23:34:BCCRP Bot just loaded messageUpdate.ts
Log - Nov-14-2020 | 22:23:34:BCCRP Bot just loaded ready.ts
Log - Nov-14-2020 | 22:24:17:Connected to the MongoDB database!
Log - Nov-14-2020 | 22:24:18:BCCRP Bot is ready to serve 2398 users in 3 guilds!
Log - Nov-14-2020 | 22:24:18:BCCRP Bot just loaded ping.ts
Log - Nov-14-2020 | 22:24:19:BCCRP Bot just loaded warn.ts
Log - Nov-14-2020 | 22:24:19:BCCRP Bot just loaded message.ts
Log - Nov-14-2020 | 22:24:19:BCCRP Bot just loaded messageDelete.ts
Log - Nov-14-2020 | 22:24:19:BCCRP Bot just loaded messageUpdate.ts
Log - Nov-14-2020 | 22:24:19:BCCRP Bot just loaded ready.ts
Log - Nov-14-2020 | 22:24:37:Connected to the MongoDB database!
Log - Nov-14-2020 | 22:24:39:BCCRP Bot is ready to serve 2398 users in 3 guilds!
Log - Nov-14-2020 | 22:24:39:BCCRP Bot just loaded ping.ts
Log - Nov-14-2020 | 22:24:39:BCCRP Bot just loaded warn.ts
Log - Nov-14-2020 | 22:24:39:BCCRP Bot just loaded message.ts
Log - Nov-14-2020 | 22:24:39:BCCRP Bot just loaded messageDelete.ts
Log - Nov-14-2020 | 22:24:39:BCCRP Bot just loaded messageUpdate.ts
Log - Nov-14-2020 | 22:24:39:BCCRP Bot just loaded ready.ts
Log - Nov-14-2020 | 22:25:43:Connected to the MongoDB database!
Log - Nov-14-2020 | 22:25:45:BCCRP Bot is ready to serve 2401 users in 3 guilds!
Log - Nov-14-2020 | 22:25:45:BCCRP Bot just loaded ping.ts
Log - Nov-14-2020 | 22:25:45:BCCRP Bot just loaded warn.ts
Log - Nov-14-2020 | 22:25:45:BCCRP Bot just loaded message.ts
Log - Nov-14-2020 | 22:25:45:BCCRP Bot just loaded messageDelete.ts
Log - Nov-14-2020 | 22:25:45:BCCRP Bot just loaded messageUpdate.ts
Log - Nov-14-2020 | 22:25:45:BCCRP Bot just loaded ready.ts
Log - Nov-14-2020 | 22:26:11:Connected to the MongoDB database!
Log - Nov-14-2020 | 22:26:12:BCCRP Bot is ready to serve 2401 users in 3 guilds!
Log - Nov-14-2020 | 22:26:12:BCCRP Bot just loaded ping.ts
Log - Nov-14-2020 | 22:26:13:BCCRP Bot just loaded warn.ts
Log - Nov-14-2020 | 22:26:13:BCCRP Bot just loaded message.ts
Log - Nov-14-2020 | 22:26:13:BCCRP Bot just loaded messageDelete.ts
Log - Nov-14-2020 | 22:26:13:BCCRP Bot just loaded messageUpdate.ts
Log - Nov-14-2020 | 22:26:13:BCCRP Bot just loaded ready.ts
Log - Nov-14-2020 | 22:28:9:Connected to the MongoDB database!
Log - Nov-14-2020 | 22:28:11:BCCRP Bot is ready to serve 2399 users in 3 guilds!
Log - Nov-14-2020 | 22:28:11:BCCRP Bot just loaded ping.ts
Log - Nov-14-2020 | 22:28:11:BCCRP Bot just loaded warn.ts
Log - Nov-14-2020 | 22:28:11:BCCRP Bot just loaded message.ts
Log - Nov-14-2020 | 22:28:11:BCCRP Bot just loaded messageDelete.ts
Log - Nov-14-2020 | 22:28:11:BCCRP Bot just loaded messageUpdate.ts
Log - Nov-14-2020 | 22:28:11:BCCRP Bot just loaded ready.ts
Log - Nov-14-2020 | 22:28:32:Connected to the MongoDB database!
Log - Nov-14-2020 | 22:28:34:BCCRP Bot is ready to serve 2400 users in 3 guilds!
Log - Nov-14-2020 | 22:28:34:BCCRP Bot just loaded ping.ts
Log - Nov-14-2020 | 22:28:34:BCCRP Bot just loaded warn.ts
Log - Nov-14-2020 | 22:28:34:BCCRP Bot just loaded message.ts
Log - Nov-14-2020 | 22:28:34:BCCRP Bot just loaded messageDelete.ts
Log - Nov-14-2020 | 22:28:34:BCCRP Bot just loaded messageUpdate.ts
Log - Nov-14-2020 | 22:28:34:BCCRP Bot just loaded ready.ts
Log - Nov-14-2020 | 22:29:3:Connected to the MongoDB database!
Log - Nov-14-2020 | 22:29:5:BCCRP Bot is ready to serve 2398 users in 3 guilds!
Log - Nov-14-2020 | 22:29:5:BCCRP Bot just loaded ping.ts
Log - Nov-14-2020 | 22:29:5:BCCRP Bot just loaded warn.ts
Log - Nov-14-2020 | 22:29:5:BCCRP Bot just loaded message.ts
Log - Nov-14-2020 | 22:29:5:BCCRP Bot just loaded messageDelete.ts
Log - Nov-14-2020 | 22:29:5:BCCRP Bot just loaded messageUpdate.ts
Log - Nov-14-2020 | 22:29:5:BCCRP Bot just loaded ready.ts
Log - Nov-14-2020 | 22:31:51:Connected to the MongoDB database!
Log - Nov-14-2020 | 22:31:52:BCCRP Bot is ready to serve 2397 users in 3 guilds!
Log - Nov-14-2020 | 22:31:52:BCCRP Bot just loaded ping.ts
Log - Nov-14-2020 | 22:31:53:BCCRP Bot just loaded warn.ts
Log - Nov-14-2020 | 22:31:53:BCCRP Bot just loaded message.ts
Log - Nov-14-2020 | 22:31:53:BCCRP Bot just loaded messageDelete.ts
Log - Nov-14-2020 | 22:31:53:BCCRP Bot just loaded messageUpdate.ts
Log - Nov-14-2020 | 22:31:53:BCCRP Bot just loaded ready.ts
Log - Nov-14-2020 | 22:32:2:Connected to the MongoDB database!
Log - Nov-14-2020 | 22:32:4:BCCRP Bot is ready to serve 2397 users in 3 guilds!
Log - Nov-14-2020 | 22:32:4:BCCRP Bot just loaded ping.ts
Log - Nov-14-2020 | 22:32:4:BCCRP Bot just loaded warn.ts
Log - Nov-14-2020 | 22:32:4:BCCRP Bot just loaded message.ts
Log - Nov-14-2020 | 22:32:5:BCCRP Bot just loaded messageDelete.ts
Log - Nov-14-2020 | 22:32:5:BCCRP Bot just loaded messageUpdate.ts
Log - Nov-14-2020 | 22:32:5:BCCRP Bot just loaded ready.ts
Log - Nov-14-2020 | 22:32:41:Connected to the MongoDB database!
Log - Nov-14-2020 | 22:32:42:BCCRP Bot is ready to serve 2397 users in 3 guilds!
Log - Nov-14-2020 | 22:32:42:BCCRP Bot just loaded ping.ts
Log - Nov-14-2020 | 22:32:43:BCCRP Bot just loaded warn.ts
Log - Nov-14-2020 | 22:32:43:BCCRP Bot just loaded message.ts
Log - Nov-14-2020 | 22:32:43:BCCRP Bot just loaded messageDelete.ts
Log - Nov-14-2020 | 22:32:43:BCCRP Bot just loaded messageUpdate.ts
Log - Nov-14-2020 | 22:32:43:BCCRP Bot just loaded ready.ts
Log - Nov-14-2020 | 22:36:28:Connected to the MongoDB database!
Log - Nov-14-2020 | 22:36:30:BCCRP Bot is ready to serve 2397 users in 3 guilds!
Log - Nov-14-2020 | 22:36:30:BCCRP Bot just loaded ping.ts
Log - Nov-14-2020 | 22:36:30:BCCRP Bot just loaded warn.ts
Log - Nov-14-2020 | 22:36:30:BCCRP Bot just loaded message.ts
Log - Nov-14-2020 | 22:36:30:BCCRP Bot just loaded messageDelete.ts
Log - Nov-14-2020 | 22:36:30:BCCRP Bot just loaded messageUpdate.ts
Log - Nov-14-2020 | 22:36:30:BCCRP Bot just loaded ready.ts
Log - Nov-14-2020 | 22:37:16:Connected to the MongoDB database!
Log - Nov-14-2020 | 22:37:18:BCCRP Bot is ready to serve 2397 users in 3 guilds!
Log - Nov-14-2020 | 22:37:18:BCCRP Bot just loaded ping.ts
Log - Nov-14-2020 | 22:37:18:BCCRP Bot just loaded warn.ts
Log - Nov-14-2020 | 22:37:18:BCCRP Bot just loaded message.ts
Log - Nov-14-2020 | 22:37:18:BCCRP Bot just loaded messageDelete.ts
Log - Nov-14-2020 | 22:37:18:BCCRP Bot just loaded messageUpdate.ts
Log - Nov-14-2020 | 22:37:18:BCCRP Bot just loaded ready.ts
Log - Nov-14-2020 | 22:37:34:Connected to the MongoDB database!
Log - Nov-14-2020 | 22:37:36:BCCRP Bot is ready to serve 2398 users in 3 guilds!
Log - Nov-14-2020 | 22:37:36:BCCRP Bot just loaded ping.ts
Log - Nov-14-2020 | 22:37:36:BCCRP Bot just loaded warn.ts
Log - Nov-14-2020 | 22:37:36:BCCRP Bot just loaded message.ts
Log - Nov-14-2020 | 22:37:36:BCCRP Bot just loaded messageDelete.ts
Log - Nov-14-2020 | 22:37:36:BCCRP Bot just loaded messageUpdate.ts
Log - Nov-14-2020 | 22:37:36:BCCRP Bot just loaded ready.ts
Log - Nov-14-2020 | 22:39:58:Connected to the MongoDB database!
Log - Nov-14-2020 | 22:39:59:BCCRP Bot is ready to serve 2391 users in 3 guilds!
Log - Nov-14-2020 | 22:39:59:BCCRP Bot just loaded ping.ts
Log - Nov-14-2020 | 22:39:59:BCCRP Bot just loaded warn.ts
Log - Nov-14-2020 | 22:39:59:BCCRP Bot just loaded message.ts
Log - Nov-14-2020 | 22:39:59:BCCRP Bot just loaded messageDelete.ts
Log - Nov-14-2020 | 22:39:59:BCCRP Bot just loaded messageUpdate.ts
Log - Nov-14-2020 | 22:39:59:BCCRP Bot just loaded ready.ts
Log - Nov-14-2020 | 22:40:41:Connected to the MongoDB database!
Log - Nov-14-2020 | 22:40:42:BCCRP Bot is ready to serve 2390 users in 3 guilds!
Log - Nov-14-2020 | 22:40:42:BCCRP Bot just loaded ping.ts
Log - Nov-14-2020 | 22:40:42:BCCRP Bot just loaded warn.ts
Log - Nov-14-2020 | 22:40:42:BCCRP Bot just loaded message.ts
Log - Nov-14-2020 | 22:40:42:BCCRP Bot just loaded messageDelete.ts
Log - Nov-14-2020 | 22:40:42:BCCRP Bot just loaded messageUpdate.ts
Log - Nov-14-2020 | 22:40:42:BCCRP Bot just loaded ready.ts
Log - Nov-14-2020 | 22:41:24:Connected to the MongoDB database!
Log - Nov-14-2020 | 22:41:26:BCCRP Bot is ready to serve 2390 users in 3 guilds!
Log - Nov-14-2020 | 22:41:26:BCCRP Bot just loaded ping.ts
Log - Nov-14-2020 | 22:41:26:BCCRP Bot just loaded warn.ts
Log - Nov-14-2020 | 22:41:26:BCCRP Bot just loaded message.ts
Log - Nov-14-2020 | 22:41:26:BCCRP Bot just loaded messageDelete.ts
Log - Nov-14-2020 | 22:41:26:BCCRP Bot just loaded messageUpdate.ts
Log - Nov-14-2020 | 22:41:26:BCCRP Bot just loaded ready.ts
Log - Nov-14-2020 | 22:41:31:Connected to the MongoDB database!
Log - Nov-14-2020 | 22:41:53:Connected to the MongoDB database!
Log - Nov-14-2020 | 22:41:55:BCCRP Bot is ready to serve 2390 users in 3 guilds!
Log - Nov-14-2020 | 22:41:55:BCCRP Bot just loaded ping.ts
Log - Nov-14-2020 | 22:41:55:BCCRP Bot just loaded warn.ts
Log - Nov-14-2020 | 22:41:55:BCCRP Bot just loaded message.ts
Log - Nov-14-2020 | 22:41:55:BCCRP Bot just loaded messageDelete.ts
Log - Nov-14-2020 | 22:41:55:BCCRP Bot just loaded messageUpdate.ts
Log - Nov-14-2020 | 22:41:55:BCCRP Bot just loaded ready.ts
Log - Nov-14-2020 | 22:42:41:Connected to the MongoDB database!
Log - Nov-14-2020 | 22:42:43:BCCRP Bot is ready to serve 2392 users in 3 guilds!
Log - Nov-14-2020 | 22:42:43:BCCRP Bot just loaded ping.ts
Log - Nov-14-2020 | 22:42:43:BCCRP Bot just loaded warn.ts
Log - Nov-14-2020 | 22:42:43:BCCRP Bot just loaded message.ts
Log - Nov-14-2020 | 22:42:43:BCCRP Bot just loaded messageDelete.ts
Log - Nov-14-2020 | 22:42:43:BCCRP Bot just loaded messageUpdate.ts
Log - Nov-14-2020 | 22:42:43:BCCRP Bot just loaded ready.ts
Log - Nov-14-2020 | 22:50:3:Connected to the MongoDB database!
Log - Nov-14-2020 | 22:50:5:BCCRP Bot is ready to serve 2394 users in 3 guilds!
Log - Nov-14-2020 | 22:50:5:BCCRP Bot just loaded ping.ts
Log - Nov-14-2020 | 22:50:5:BCCRP Bot just loaded warn.ts
Log - Nov-14-2020 | 22:50:5:BCCRP Bot just loaded message.ts
Log - Nov-14-2020 | 22:50:5:BCCRP Bot just loaded messageDelete.ts
Log - Nov-14-2020 | 22:50:5:BCCRP Bot just loaded messageUpdate.ts
Log - Nov-14-2020 | 22:50:5:BCCRP Bot just loaded ready.ts
Log - Nov-14-2020 | 22:50:9:Connected to the MongoDB database!
Log - Nov-14-2020 | 22:50:10:BCCRP Bot is ready to serve 2394 users in 3 guilds!
Log - Nov-14-2020 | 22:50:11:BCCRP Bot just loaded ping.ts
Log - Nov-14-2020 | 22:50:11:BCCRP Bot just loaded warn.ts
Log - Nov-14-2020 | 22:50:11:BCCRP Bot just loaded message.ts
Log - Nov-14-2020 | 22:50:11:BCCRP Bot just loaded messageDelete.ts
Log - Nov-14-2020 | 22:50:11:BCCRP Bot just loaded messageUpdate.ts
Log - Nov-14-2020 | 22:50:11:BCCRP Bot just loaded ready.ts
Log - Nov-14-2020 | 22:50:16:Connected to the MongoDB database!
Log - Nov-14-2020 | 22:50:17:BCCRP Bot is ready to serve 2395 users in 3 guilds!
Log - Nov-14-2020 | 22:50:17:BCCRP Bot just loaded ping.ts
Log - Nov-14-2020 | 22:50:17:BCCRP Bot just loaded warn.ts
Log - Nov-14-2020 | 22:50:17:BCCRP Bot just loaded message.ts
Log - Nov-14-2020 | 22:50:17:BCCRP Bot just loaded messageDelete.ts
Log - Nov-14-2020 | 22:50:17:BCCRP Bot just loaded messageUpdate.ts
Log - Nov-14-2020 | 22:50:17:BCCRP Bot just loaded ready.ts
Log - Nov-14-2020 | 22:50:23:Connected to the MongoDB database!
Log - Nov-14-2020 | 22:50:24:BCCRP Bot is ready to serve 2394 users in 3 guilds!
Log - Nov-14-2020 | 22:50:24:BCCRP Bot just loaded ping.ts
Log - Nov-14-2020 | 22:50:25:BCCRP Bot just loaded warn.ts
Log - Nov-14-2020 | 22:50:25:BCCRP Bot just loaded message.ts
Log - Nov-14-2020 | 22:50:25:BCCRP Bot just loaded messageDelete.ts
Log - Nov-14-2020 | 22:50:25:BCCRP Bot just loaded messageUpdate.ts
Log - Nov-14-2020 | 22:50:25:BCCRP Bot just loaded ready.ts
Log - Nov-14-2020 | 22:50:33:Connected to the MongoDB database!
Log - Nov-14-2020 | 22:50:34:BCCRP Bot is ready to serve 2394 users in 3 guilds!
Log - Nov-14-2020 | 22:50:35:BCCRP Bot just loaded ping.ts
Log - Nov-14-2020 | 22:50:41:Connected to the MongoDB database!
Log - Nov-14-2020 | 22:50:43:BCCRP Bot is ready to serve 2394 users in 3 guilds!
Log - Nov-14-2020 | 22:50:43:BCCRP Bot just loaded ping.ts
Log - Nov-14-2020 | 22:50:43:BCCRP Bot just loaded warn.ts
Log - Nov-14-2020 | 22:50:43:BCCRP Bot just loaded message.ts
Log - Nov-14-2020 | 22:50:43:BCCRP Bot just loaded messageDelete.ts
Log - Nov-14-2020 | 22:50:43:BCCRP Bot just loaded messageUpdate.ts
Log - Nov-14-2020 | 22:50:43:BCCRP Bot just loaded ready.ts
Log - Nov-14-2020 | 22:50:47:Connected to the MongoDB database!
Log - Nov-14-2020 | 22:50:49:BCCRP Bot is ready to serve 2395 users in 3 guilds!
Log - Nov-14-2020 | 22:50:49:BCCRP Bot just loaded ping.ts
Log - Nov-14-2020 | 22:50:49:BCCRP Bot just loaded warn.ts
Log - Nov-14-2020 | 22:50:49:BCCRP Bot just loaded message.ts
Log - Nov-14-2020 | 22:50:49:BCCRP Bot just loaded messageDelete.ts
Log - Nov-14-2020 | 22:50:49:BCCRP Bot just loaded messageUpdate.ts
Log - Nov-14-2020 | 22:50:49:BCCRP Bot just loaded ready.ts
Log - Nov-14-2020 | 22:50:53:Connected to the MongoDB database!
Log - Nov-14-2020 | 22:50:57:Connected to the MongoDB database!
Log - Nov-14-2020 | 22:50:58:BCCRP Bot is ready to serve 2394 users in 3 guilds!
Log - Nov-14-2020 | 22:50:58:BCCRP Bot just loaded ping.ts
Log - Nov-14-2020 | 22:50:59:BCCRP Bot just loaded warn.ts
Log - Nov-14-2020 | 22:50:59:BCCRP Bot just loaded message.ts
Log - Nov-14-2020 | 22:50:59:BCCRP Bot just loaded messageDelete.ts
Log - Nov-14-2020 | 22:50:59:BCCRP Bot just loaded messageUpdate.ts
Log - Nov-14-2020 | 22:50:59:BCCRP Bot just loaded ready.ts
Log - Nov-14-2020 | 22:51:5:Connected to the MongoDB database!
Log - Nov-14-2020 | 22:51:7:BCCRP Bot is ready to serve 2395 users in 3 guilds!
Log - Nov-14-2020 | 22:51:7:BCCRP Bot just loaded ping.ts
Log - Nov-14-2020 | 22:51:7:BCCRP Bot just loaded warn.ts
Log - Nov-14-2020 | 22:51:7:BCCRP Bot just loaded message.ts
Log - Nov-14-2020 | 22:51:7:BCCRP Bot just loaded messageDelete.ts
Log - Nov-14-2020 | 22:51:7:BCCRP Bot just loaded messageUpdate.ts
Log - Nov-14-2020 | 22:51:7:BCCRP Bot just loaded ready.ts
Log - Nov-14-2020 | 22:51:13:Connected to the MongoDB database!
Log - Nov-14-2020 | 22:51:14:BCCRP Bot is ready to serve 2395 users in 3 guilds!
Log - Nov-14-2020 | 22:51:14:BCCRP Bot just loaded ping.ts
Log - Nov-14-2020 | 22:51:14:BCCRP Bot just loaded warn.ts
Log - Nov-14-2020 | 22:51:14:BCCRP Bot just loaded message.ts
Log - Nov-14-2020 | 22:51:15:BCCRP Bot just loaded messageDelete.ts
Log - Nov-14-2020 | 22:51:15:BCCRP Bot just loaded messageUpdate.ts
Log - Nov-14-2020 | 22:51:15:BCCRP Bot just loaded ready.ts
Log - Nov-14-2020 | 22:51:24:Connected to the MongoDB database!
Log - Nov-14-2020 | 22:51:25:BCCRP Bot is ready to serve 2396 users in 3 guilds!
Log - Nov-14-2020 | 22:51:25:BCCRP Bot just loaded ping.ts
Log - Nov-14-2020 | 22:51:25:BCCRP Bot just loaded warn.ts
Log - Nov-14-2020 | 22:51:26:BCCRP Bot just loaded message.ts
Log - Nov-14-2020 | 22:51:26:BCCRP Bot just loaded messageDelete.ts
Log - Nov-14-2020 | 22:51:26:BCCRP Bot just loaded messageUpdate.ts
Log - Nov-14-2020 | 22:51:26:BCCRP Bot just loaded ready.ts
Log - Nov-14-2020 | 22:51:35:Connected to the MongoDB database!
Log - Nov-14-2020 | 22:51:36:BCCRP Bot is ready to serve 2396 users in 3 guilds!
Log - Nov-14-2020 | 22:51:36:BCCRP Bot just loaded ping.ts
Log - Nov-14-2020 | 22:51:36:BCCRP Bot just loaded warn.ts
Log - Nov-14-2020 | 22:51:36:BCCRP Bot just loaded message.ts
Log - Nov-14-2020 | 22:51:36:BCCRP Bot just loaded messageDelete.ts
Log - Nov-14-2020 | 22:51:36:BCCRP Bot just loaded messageUpdate.ts
Log - Nov-14-2020 | 22:51:36:BCCRP Bot just loaded ready.ts
Log - Nov-14-2020 | 22:51:44:Connected to the MongoDB database!
Log - Nov-14-2020 | 22:51:45:BCCRP Bot is ready to serve 2396 users in 3 guilds!
Log - Nov-14-2020 | 22:51:45:BCCRP Bot just loaded ping.ts
Log - Nov-14-2020 | 22:51:45:BCCRP Bot just loaded warn.ts
Log - Nov-14-2020 | 22:51:45:BCCRP Bot just loaded message.ts
Log - Nov-14-2020 | 22:51:45:BCCRP Bot just loaded messageDelete.ts
Log - Nov-14-2020 | 22:51:45:BCCRP Bot just loaded messageUpdate.ts
Log - Nov-14-2020 | 22:51:45:BCCRP Bot just loaded ready.ts
Log - Nov-14-2020 | 22:51:55:Connected to the MongoDB database!
Log - Nov-14-2020 | 22:51:57:BCCRP Bot is ready to serve 2396 users in 3 guilds!
Log - Nov-14-2020 | 22:51:57:BCCRP Bot just loaded ping.ts
Log - Nov-14-2020 | 22:51:57:BCCRP Bot just loaded warn.ts
Log - Nov-14-2020 | 22:51:57:BCCRP Bot just loaded message.ts
Log - Nov-14-2020 | 22:51:57:BCCRP Bot just loaded messageDelete.ts
Log - Nov-14-2020 | 22:51:57:BCCRP Bot just loaded messageUpdate.ts
Log - Nov-14-2020 | 22:51:57:BCCRP Bot just loaded ready.ts
Log - Nov-14-2020 | 22:52:46:Connected to the MongoDB database!
Log - Nov-14-2020 | 22:52:47:BCCRP Bot is ready to serve 2395 users in 3 guilds!
Log - Nov-14-2020 | 22:52:47:BCCRP Bot just loaded ping.ts
Log - Nov-14-2020 | 22:52:47:BCCRP Bot just loaded warn.ts
Log - Nov-14-2020 | 22:52:47:BCCRP Bot just loaded message.ts
Log - Nov-14-2020 | 22:52:47:BCCRP Bot just loaded messageDelete.ts
Log - Nov-14-2020 | 22:52:47:BCCRP Bot just loaded messageUpdate.ts
Log - Nov-14-2020 | 22:52:47:BCCRP Bot just loaded ready.ts
Log - Nov-14-2020 | 22:55:15:Connected to the MongoDB database!
Log - Nov-14-2020 | 22:55:20:Connected to the MongoDB database!
Log - Nov-14-2020 | 22:55:27:BCCRP Bot is ready to serve 2393 users in 3 guilds!
Log - Nov-14-2020 | 22:55:27:BCCRP Bot just loaded ping.ts
Log - Nov-14-2020 | 22:55:27:BCCRP Bot just loaded warn.ts
Log - Nov-14-2020 | 22:55:28:BCCRP Bot just loaded message.ts
Log - Nov-14-2020 | 22:55:28:BCCRP Bot just loaded messageDelete.ts
Log - Nov-14-2020 | 22:55:28:BCCRP Bot just loaded messageUpdate.ts
Log - Nov-14-2020 | 22:55:28:BCCRP Bot just loaded ready.ts
Log - Nov-14-2020 | 22:59:12:Connected to the MongoDB database!
Log - Nov-14-2020 | 22:59:14:BCCRP Bot is ready to serve 2391 users in 3 guilds!
Log - Nov-14-2020 | 22:59:14:BCCRP Bot just loaded ping.ts
Log - Nov-14-2020 | 22:59:14:BCCRP Bot just loaded warn.ts
Log - Nov-14-2020 | 22:59:14:BCCRP Bot just loaded message.ts
Log - Nov-14-2020 | 22:59:14:BCCRP Bot just loaded messageDelete.ts
Log - Nov-14-2020 | 22:59:14:BCCRP Bot just loaded messageUpdate.ts
Log - Nov-14-2020 | 22:59:14:BCCRP Bot just loaded ready.ts
Log - Nov-14-2020 | 22:59:22:Connected to the MongoDB database!
Log - Nov-14-2020 | 22:59:23:BCCRP Bot is ready to serve 2391 users in 3 guilds!
Log - Nov-14-2020 | 22:59:24:BCCRP Bot just loaded ping.ts
Log - Nov-14-2020 | 22:59:24:BCCRP Bot just loaded warn.ts
Log - Nov-14-2020 | 22:59:24:BCCRP Bot just loaded message.ts
Log - Nov-14-2020 | 22:59:24:BCCRP Bot just loaded messageDelete.ts
Log - Nov-14-2020 | 22:59:24:BCCRP Bot just loaded messageUpdate.ts
Log - Nov-14-2020 | 22:59:24:BCCRP Bot just loaded ready.ts
Log - Nov-14-2020 | 22:59:28:Connected to the MongoDB database!
Log - Nov-14-2020 | 22:59:30:BCCRP Bot is ready to serve 2391 users in 3 guilds!
Log - Nov-14-2020 | 22:59:30:BCCRP Bot just loaded ping.ts
Log - Nov-14-2020 | 22:59:30:BCCRP Bot just loaded warn.ts
Log - Nov-14-2020 | 22:59:30:BCCRP Bot just loaded message.ts
Log - Nov-14-2020 | 22:59:30:BCCRP Bot just loaded messageDelete.ts
Log - Nov-14-2020 | 22:59:30:BCCRP Bot just loaded messageUpdate.ts
Log - Nov-14-2020 | 22:59:30:BCCRP Bot just loaded ready.ts
Log - Nov-14-2020 | 22:59:43:Connected to the MongoDB database!
Log - Nov-14-2020 | 22:59:44:BCCRP Bot is ready to serve 2391 users in 3 guilds!
Log - Nov-14-2020 | 22:59:44:BCCRP Bot just loaded ping.ts
Log - Nov-14-2020 | 22:59:44:BCCRP Bot just loaded warn.ts
Log - Nov-14-2020 | 22:59:45:BCCRP Bot just loaded message.ts
Log - Nov-14-2020 | 22:59:45:BCCRP Bot just loaded messageDelete.ts
Log - Nov-14-2020 | 22:59:45:BCCRP Bot just loaded messageUpdate.ts
Log - Nov-14-2020 | 22:59:45:BCCRP Bot just loaded ready.ts
Log - Nov-14-2020 | 23:6:22:Connected to the MongoDB database!
Log - Nov-14-2020 | 23:6:23:BCCRP Bot is ready to serve 2387 users in 3 guilds!
Log - Nov-14-2020 | 23:6:23:BCCRP Bot just loaded ping.ts
Log - Nov-14-2020 | 23:6:23:BCCRP Bot just loaded warn.ts
Log - Nov-14-2020 | 23:6:23:BCCRP Bot just loaded message.ts
Log - Nov-14-2020 | 23:6:23:BCCRP Bot just loaded messageDelete.ts
Log - Nov-14-2020 | 23:6:23:BCCRP Bot just loaded messageUpdate.ts
Log - Nov-14-2020 | 23:6:24:BCCRP Bot just loaded ready.ts
Log - Nov-14-2020 | 23:51:21:Connected to the MongoDB database!
Log - Nov-14-2020 | 23:51:22:BCCRP Bot is ready to serve 2378 users in 3 guilds!
Log - Nov-14-2020 | 23:51:22:BCCRP Bot just loaded ping.ts
Log - Nov-14-2020 | 23:51:23:BCCRP Bot just loaded warn.ts
Log - Nov-14-2020 | 23:51:23:BCCRP Bot just loaded message.ts
Log - Nov-14-2020 | 23:51:23:BCCRP Bot just loaded messageDelete.ts
Log - Nov-14-2020 | 23:51:23:BCCRP Bot just loaded messageUpdate.ts
Log - Nov-14-2020 | 23:51:23:BCCRP Bot just loaded ready.ts
Log - Nov-14-2020 | 23:54:20:Connected to the MongoDB database!
Log - Nov-14-2020 | 23:54:21:BCCRP Bot is ready to serve 2378 users in 3 guilds!
Log - Nov-14-2020 | 23:54:22:BCCRP Bot just loaded ping.ts
Log - Nov-14-2020 | 23:54:22:BCCRP Bot just loaded warn.ts
Log - Nov-14-2020 | 23:54:22:BCCRP Bot just loaded message.ts
Log - Nov-14-2020 | 23:54:22:BCCRP Bot just loaded messageDelete.ts
Log - Nov-14-2020 | 23:54:22:BCCRP Bot just loaded messageUpdate.ts
Log - Nov-14-2020 | 23:54:22:BCCRP Bot just loaded ready.ts
Log - Nov-14-2020 | 23:54:35:Connected to the MongoDB database!
Log - Nov-14-2020 | 23:54:37:BCCRP Bot is ready to serve 2378 users in 3 guilds!
Log - Nov-14-2020 | 23:54:37:BCCRP Bot just loaded ping.ts
Log - Nov-14-2020 | 23:54:37:BCCRP Bot just loaded warn.ts
Log - Nov-14-2020 | 23:54:37:BCCRP Bot just loaded message.ts
Log - Nov-14-2020 | 23:54:37:BCCRP Bot just loaded messageDelete.ts
Log - Nov-14-2020 | 23:54:37:BCCRP Bot just loaded messageUpdate.ts
Log - Nov-14-2020 | 23:54:37:BCCRP Bot just loaded ready.ts
Log - Nov-14-2020 | 23:54:42:Connected to the MongoDB database!
Log - Nov-14-2020 | 23:54:43:BCCRP Bot is ready to serve 2378 users in 3 guilds!
Log - Nov-14-2020 | 23:54:43:BCCRP Bot just loaded ping.ts
Log - Nov-14-2020 | 23:54:43:BCCRP Bot just loaded warn.ts
Log - Nov-14-2020 | 23:54:43:BCCRP Bot just loaded message.ts
Log - Nov-14-2020 | 23:54:43:BCCRP Bot just loaded messageDelete.ts
Log - Nov-14-2020 | 23:54:43:BCCRP Bot just loaded messageUpdate.ts
Log - Nov-14-2020 | 23:54:43:BCCRP Bot just loaded ready.ts
Log - Nov-14-2020 | 23:55:27:Connected to the MongoDB database!
Log - Nov-14-2020 | 23:55:28:BCCRP Bot is ready to serve 2377 users in 3 guilds!
Log - Nov-14-2020 | 23:55:28:BCCRP Bot just loaded ping.ts
Log - Nov-14-2020 | 23:55:29:BCCRP Bot just loaded warn.ts
Log - Nov-14-2020 | 23:55:29:BCCRP Bot just loaded message.ts
Log - Nov-14-2020 | 23:55:29:BCCRP Bot just loaded messageDelete.ts
Log - Nov-14-2020 | 23:55:29:BCCRP Bot just loaded messageUpdate.ts
Log - Nov-14-2020 | 23:55:29:BCCRP Bot just loaded ready.ts
Log - Nov-14-2020 | 23:55:54:Connected to the MongoDB database!
Log - Nov-14-2020 | 23:55:55:BCCRP Bot is ready to serve 2377 users in 3 guilds!
Log - Nov-14-2020 | 23:55:55:BCCRP Bot just loaded ping.ts
Log - Nov-14-2020 | 23:55:55:BCCRP Bot just loaded warn.ts
Log - Nov-14-2020 | 23:55:55:BCCRP Bot just loaded message.ts
Log - Nov-14-2020 | 23:55:56:BCCRP Bot just loaded messageDelete.ts
Log - Nov-14-2020 | 23:55:56:BCCRP Bot just loaded messageUpdate.ts
Log - Nov-14-2020 | 23:55:56:BCCRP Bot just loaded ready.ts
Log - Nov-14-2020 | 23:56:35:Connected to the MongoDB database!
Log - Nov-14-2020 | 23:56:37:BCCRP Bot is ready to serve 2377 users in 3 guilds!
Log - Nov-14-2020 | 23:56:37:BCCRP Bot just loaded ping.ts
Log - Nov-14-2020 | 23:56:37:BCCRP Bot just loaded warn.ts
Log - Nov-14-2020 | 23:56:37:BCCRP Bot just loaded message.ts
Log - Nov-14-2020 | 23:56:37:BCCRP Bot just loaded messageDelete.ts
Log - Nov-14-2020 | 23:56:37:BCCRP Bot just loaded messageUpdate.ts
Log - Nov-14-2020 | 23:56:37:BCCRP Bot just loaded ready.ts
Log - Nov-14-2020 | 23:56:48:Connected to the MongoDB database!
Log - Nov-14-2020 | 23:56:50:BCCRP Bot is ready to serve 2379 users in 3 guilds!
Log - Nov-14-2020 | 23:56:50:BCCRP Bot just loaded ping.ts
Log - Nov-14-2020 | 23:56:50:BCCRP Bot just loaded warn.ts
Log - Nov-14-2020 | 23:56:50:BCCRP Bot just loaded message.ts
Log - Nov-14-2020 | 23:56:50:BCCRP Bot just loaded messageDelete.ts
Log - Nov-14-2020 | 23:56:50:BCCRP Bot just loaded messageUpdate.ts
Log - Nov-14-2020 | 23:56:50:BCCRP Bot just loaded ready.ts
Log - Nov-14-2020 | 23:58:50:Connected to the MongoDB database!
Log - Nov-14-2020 | 23:58:52:BCCRP Bot is ready to serve 2379 users in 3 guilds!
Log - Nov-14-2020 | 23:58:52:BCCRP Bot just loaded ping.ts
Log - Nov-14-2020 | 23:58:52:BCCRP Bot just loaded warn.ts
Log - Nov-14-2020 | 23:58:52:BCCRP Bot just loaded message.ts
Log - Nov-14-2020 | 23:58:52:BCCRP Bot just loaded messageDelete.ts
Log - Nov-14-2020 | 23:58:53:BCCRP Bot just loaded messageUpdate.ts
Log - Nov-14-2020 | 23:58:53:BCCRP Bot just loaded ready.ts
Log - Nov-14-2020 | 23:59:18:Connected to the MongoDB database!
Log - Nov-14-2020 | 23:59:20:BCCRP Bot is ready to serve 2379 users in 3 guilds!
Log - Nov-14-2020 | 23:59:20:BCCRP Bot just loaded ping.ts
Log - Nov-14-2020 | 23:59:20:BCCRP Bot just loaded warn.ts
Log - Nov-14-2020 | 23:59:20:BCCRP Bot just loaded message.ts
Log - Nov-14-2020 | 23:59:20:BCCRP Bot just loaded messageDelete.ts
Log - Nov-14-2020 | 23:59:20:BCCRP Bot just loaded messageUpdate.ts
Log - Nov-14-2020 | 23:59:20:BCCRP Bot just loaded ready.ts
Log - Nov-14-2020 | 23:59:58:Connected to the MongoDB database!
